   ISh000             1           5
   ISh111             1           6

 cccccccccccccccccccccccccccccccccccccccccccccccccccccc
 c                                                    c
 c  MLR program V 1.0                                 c
 c                                                    c
 c  Release 2020-05-13                                c
 c                                                    c
 c  Zhen Cao and Luigi Cavallo                        c
 c                                                    c
 cccccccccccccccccccccccccccccccccccccccccccccccccccccc

  Input File : test.matrix                                                                                         
  System     : test MC code                                                                                                                                                                                            

  Number of systems                :           18
  Number of Steric descriptors     :            2
  Number of Electronic descriptors :            3
  Number of system to be skipped   :            0
  Normalization Flag               :            3  Normalize descritpors, LOO systems included
  MLR forced through origin yes/no = 0/1  :            1

 NP            1           1   3.0000000000000000       0.10000000000000001       0.72670292481327325       0.72670292481327325        48.022222222222233        10.726095015325587        13.328093031253914       -2.3923378736014893       0.99848391118249935        1.0488114570503555     
 NP            2           2   3.0000000000000000       0.20000000000000001       0.72977015575227178       0.72977015575227178        48.022222222222254        10.491658849533675        8.3242052703050131       -2.7630682905657262      -0.44488258029311262        7.0353755298272427     
 NP            3           3   3.0000000000000000       0.29999999999999999       0.74040696983909404       0.74040696983909404        48.022222222222190        10.250351460115608        2.6743331840815250       -2.8276171132212862       -1.9035349369071231        13.847102279286291     
 NP            4           4   3.0000000000000000       0.40000000000000002       0.74807135521841106       0.74807135521841106        48.022222222222169        9.9735255822797981      -0.40834994447259038       -2.2837451455408053       -2.2790938667467082        17.487973746932241     
 NP            5           5   3.0000000000000000       0.50000000000000000       0.76433182939555966       0.76433182939555966        48.022222222222233        9.7476013459836235       -4.2695626752301585       -1.3976906692164570       -2.5329728492378933        22.040082589279958     
 NP            6           6   3.0000000000000000       0.59999999999999998       0.77739270172320629       0.77739270172320629        48.022222222222354        9.5403241933517542       -5.6454810790558900      -0.43179112880990711       -2.0187163955762273        23.599746627972550     
 NP            7           7   3.0000000000000000       0.69999999999999996       0.78700765788820082       0.78700765788820082        48.022222222222169        9.6009184344219598       -4.8879664307490431       0.18186942547213128       -1.5893265009307518        22.962834436030107     
 NP            8           8   3.0000000000000000       0.80000000000000004       0.79461313546977363       0.79461313546977363        48.022222222222254        9.6466941869360241       -3.6355269817477383       0.63429027785310388      -0.84971511903206620        21.545710612034902     
 NP            9           9   3.0000000000000000       0.90000000000000002       0.79981637464449074       0.79981637464449074        48.022222222222290        9.7916378734482983       -2.0929039670761762       0.89096663886485516      -0.35506794251069479        19.931790730966949     
 NP           10          10   3.0000000000000000        1.0000000000000000       0.80304115762316364       0.80304115762316364        48.022222222222183        9.9843989374202629      -0.52772935011441990        1.0175724374568929       -2.3083314576666748E-003   18.335446990940437     
 NP           11          11   3.0000000000000000        1.1000000000000001       0.80674454980338761       0.80674454980338761        48.022222222222297        10.125845559513492       0.58576013976285568        1.1073304069275800       0.29096033435162932        17.211887709614167     
 NP           12          12   3.0000000000000000        1.2000000000000000       0.80950997207069109       0.80950997207069109        48.022222222222176        10.294640432346092        1.4477537957687097        1.1016796967761151       0.58674645470890563        16.269864496915030     
 NP           13          13   3.0000000000000000        1.3000000000000000       0.81216561061181292       0.81216561061181292        48.022222222222233        10.487266108363473        2.1012757152239110        1.0565627448128985       0.78495386478555285        15.574672387798541     
 NP           14          14   3.0000000000000000        1.3999999999999999       0.81560794628049527       0.81560794628049527        48.022222222222226        10.632058925364685        2.4525691886379906        1.0129593985453080       0.94738344198869029        15.194440030434428     
 NP           15          15   3.0000000000000000        1.5000000000000000       0.81819782258640661       0.81819782258640661        48.022222222222261        10.778064358749260        2.8078779916721901       0.92294555363192721        1.0511130938529190        14.818205588452082     
 NP           16          16   3.0000000000000000        1.6000000000000001       0.81977722037501044       0.81977722037501044        48.022222222222233        10.924511630906672        3.1825000222107152       0.80433887207808918        1.1340410541114165        14.413616599266840     
 NP           17          17   3.0000000000000000        1.7000000000000000       0.82106867681124107       0.82106867681124107        48.022222222222169        11.073467433922426        3.4997900064615517       0.63259801455853726        1.1123534259378391        14.098431776269519     
 NP           18          18   3.0000000000000000        1.8000000000000000       0.82125691371720067       0.82125691371720067        48.022222222222162        11.165338558464935        3.8420911308157537       0.43764615018743680        1.0834508709991013        13.736510027420207     
 NP           19          18   3.0000000000000000        1.8999999999999999       0.82058880361117448       0.82125691371720067        48.022222222222233        11.279313294898731        4.1966845200368779       0.22930905511648914        1.0288418992810000        13.363432607072472     
 NP           20          18   3.0000000000000000        2.0000000000000000       0.81929401199045138       0.82125691371720067        48.022222222222254        11.368303934291902        4.6157327521558358        2.5839671161988341E-002  0.93252133293399941        12.955052949063786     
 NP           21          18   3.0000000000000000        2.1000000000000001       0.81676591903632367       0.82125691371720067        48.022222222222219        11.419444583532636        5.0901326072449544      -0.21724593221617092       0.78531467039005698        12.489212723017467     
 NP           22          18   3.0000000000000000        2.2000000000000002       0.81481908638699885       0.82125691371720067        48.022222222222261        11.436902324736128        5.5311492502142441      -0.46717753174019622       0.61858225197382266        12.072345813068404     
 NP           23          18   3.0000000000000000        2.2999999999999998       0.81325693822416112       0.82125691371720067        48.022222222222197        11.425051341270089        5.9716792182937297      -0.67745194318943625       0.47316256831683096        11.671541867551152     
 NP           24          18   3.0000000000000000        2.3999999999999999       0.81164229709958935       0.82125691371720067        48.022222222222233        11.355887884061366        6.3368217275018583      -0.87745535171494149       0.32822710964397350        11.334590201907066     
 NP           25          18   3.0000000000000000        2.5000000000000000       0.81090864263365825       0.82125691371720067        48.022222222222254        11.267580087928740        6.6037265335836048       -1.0520181774807784       0.18907527306006272        11.106362439391697     
 NP           26          18   3.0000000000000000        2.6000000000000001       0.80984071370501121       0.82125691371720067        48.022222222222233        11.147825764085589        6.8958500519911166       -1.2143433889525608        5.2344032213225478E-002   10.856693202255036     
 NP           27          18   3.0000000000000000        2.7000000000000002       0.80911823256739601       0.82125691371720067        48.022222222222233        11.016072515075891        7.1536623047841914       -1.3528019693592381       -6.7015578127578343E-002   10.645861563899564     
 NP           28          18   3.0000000000000000        2.7999999999999998       0.80770183419277597       0.82125691371720067        48.022222222222219        10.851637738704058        7.3517036245019787       -1.4864575924348666      -0.14181445039807455        10.443461561156820     
 NP           29          18   3.0000000000000000        2.8999999999999999       0.80653153314976933       0.82125691371720067        48.022222222222211        10.677070165394641        7.5028857053460527       -1.5997053876640750      -0.24099885038624366        10.311065763476861     
 NP           30          18   3.0000000000000000        3.0000000000000000       0.80511842921239618       0.82125691371720067        48.022222222222247        10.484506290490614        7.6619617105404112       -1.7046955823831120      -0.31651419353793131        10.160380032852791     
 NP           31          18   3.0000000000000000        3.1000000000000001       0.80340075134160682       0.82125691371720067        48.022222222222226        10.319817492327900        7.8368354420764401       -1.7948288613167456      -0.38298587268913298        9.9941381917537875     
 NP           32          18   3.0000000000000000        3.2000000000000002       0.80293626438098387       0.82125691371720067        48.022222222222226        10.145254864109333        7.8897092097725343       -1.8726176362788971      -0.40337975645457935        9.9335855024303772     
 NP           33          18   3.0000000000000000        3.2999999999999998       0.80219617838568347       0.82125691371720067        48.022222222222254        9.9836951518766597        7.9497634274163582       -1.9501671318289224      -0.40853934182705437        9.8540614393082748     
 NP           34          18   3.0000000000000000        3.3999999999999999       0.80148894859836861       0.82125691371720067        48.022222222222240        9.8335303053526815        7.9734116828834889       -2.0247536043330254      -0.41094146657332536        9.8046708177840198     
 NP           35          18   3.0000000000000000        3.5000000000000000       0.80146464727847921       0.82125691371720067        48.022222222222247        9.6629391452537412        7.9313863640912468       -2.1012376821184899      -0.40431100058548208        9.8215115818337004     
 NP           36          18   3.0000000000000000        3.6000000000000001       0.80202353278503458       0.82125691371720067        48.022222222222233        9.4839135304503461        7.7912204177808988       -2.1606593559812084      -0.35943888207751418        9.9145631187764245     
 NP           37          18   3.0000000000000000        3.7000000000000002       0.80254486555275517       0.82125691371720067        48.022222222222211        9.2901343851830589        7.6230041696139130       -2.2211484637952181      -0.30714577589641312        10.028550237980836     
 NP           38          18   3.0000000000000000        3.7999999999999998       0.80418203620182183       0.82125691371720067        48.022222222222240        9.0961674396571031        7.4066458337096144       -2.2954851656519457      -0.29539122724523781        10.230866145601217     
 NP           39          18   3.0000000000000000        3.8999999999999999       0.80578478429864697       0.82125691371720067        48.022222222222240        8.8856547674377850        7.1671707256449446       -2.3529258412634881      -0.24553161424755562        10.438387854815662     
 NP           40          18   3.0000000000000000        4.0000000000000000       0.80761572652144098       0.82125691371720067        48.022222222222261        8.6771404731639095        6.9396129244751874       -2.4237771681013025      -0.24710212639147264        10.672168480427700     
 NP           41          18   3.0000000000000000        4.0999999999999996       0.80978811348444146       0.82125691371720067        48.022222222222247        8.4658029016658869        6.7043469202653379       -2.5038814691341829      -0.25128762624423617        10.921900499374509     
 NP           42          18   3.0000000000000000        4.2000000000000002       0.81216921180084123       0.82125691371720067        48.022222222222247        8.2424712199402705        6.4592664794179342       -2.5457201115672494      -0.25182414535701259        11.199009523752432     
 NP           43          18   3.0000000000000000        4.2999999999999998       0.81469480890122403       0.82125691371720067        48.022222222222233        8.0208929944609348        6.2511142033444091       -2.5770173146690927      -0.27287889675189686        11.468599975007209     
 NP           44          18   3.0000000000000000        4.4000000000000004       0.81803585835001358       0.82125691371720067        48.022222222222254        7.7824237665122977        6.0091205900709470       -2.6195369502699859      -0.28324682666269863        11.777579213035956     
 NP           45          45   3.0000000000000000        4.5000000000000000       0.82226172703143319       0.82226172703143319        48.022222222222233        7.5256409574967043        5.7287877928695119       -2.6610668638462101      -0.30393414441039673        12.146934382678632     
 NP           46          46   3.0000000000000000        4.5999999999999996       0.82711350801752115       0.82711350801752115        48.022222222222240        7.2373335148082578        5.4234001686172029       -2.6794486155466464      -0.24869753339444273        12.518248208474278     
 NP           47          47   3.0000000000000000        4.7000000000000002       0.83230700076651865       0.83230700076651865        48.022222222222254        6.9424116364653461        5.0876911461393819       -2.6918572920314374      -0.16944677218679491        12.909091843889714     
 NP           48          48   3.0000000000000000        4.7999999999999998       0.83844487234510412       0.83844487234510412        48.022222222222247        6.6248658657391637        4.7424074441399826       -2.7177816670319577       -6.3253413688658153E-002   13.312371531610784     
 NP           49          49   3.0000000000000000        4.9000000000000004       0.84539667589143064       0.84539667589143064        48.022222222222240        6.2820752919321565        4.3010002981017390       -2.7762819178929776       0.10702447083586655        13.764266414358886     
 NP           50          50   3.0000000000000000        5.0000000000000000       0.85202658099911832       0.85202658099911832        48.022222222222261        5.9429651703035535        3.8733510142374512       -2.8491735639608371       0.33077950019827801        14.165048536295927     
 NP           51          50   3.1000000000000001       0.10000000000000001       0.73704562634457949       0.85202658099911832        48.022222222222268        10.020546309626647        3.0781617383686402       -2.4596829046331385       -1.9887174351968873        13.725967757619149     
 NP           52          50   3.1000000000000001       0.20000000000000001       0.75220374431482950       0.85202658099911832        48.022222222222325        9.9755900468151282      -0.53852233391650162       -2.2285296807075654       -2.9346752463011851        18.335758524680102     
 NP           53          50   3.1000000000000001       0.29999999999999999       0.75712052464421054       0.85202658099911832        48.022222222222368        9.7625811196669314       -2.0904377675964274       -1.5571078740083582       -2.8198149414097653        20.124859992434786     
 NP           54          50   3.1000000000000001       0.40000000000000002       0.77368242172492696       0.85202658099911832        48.022222222222283        9.6229936697133329       -4.8496407896131624      -0.57134873910505701       -2.6001583703976641        23.280737416977594     
 NP           55          50   3.1000000000000001       0.50000000000000000       0.78326696699830478       0.85202658099911832        48.022222222222162        9.4943231810805866       -4.9793221118889308       0.26038481717278750       -1.7640144849101738        23.264917911644812     
 NP           56          50   3.1000000000000001       0.59999999999999998       0.79093555803847382       0.85202658099911832        48.022222222222283        9.6007377654557899       -3.8026474644158652       0.69013588720427044       -1.2826908265276569        22.068537542299655     
 NP           57          50   3.1000000000000001       0.69999999999999996       0.79646011548008377       0.85202658099911832        48.022222222222169        9.6715103021960847       -2.3502675876074832       0.92356508159816919      -0.54297216410480520        20.311107631674975     
 NP           58          50   3.1000000000000001       0.80000000000000004       0.80151374508825435       0.85202658099911832        48.022222222222226        9.8050351074257875       -1.1883083045346450        1.1573138897973330       -9.1447735864981630E-002   19.070175539434441     
 NP           59          50   3.1000000000000001       0.90000000000000002       0.80313356485151988       0.85202658099911832        48.022222222222119        10.002884457055838       0.36399862751680739        1.1507788949542184       0.24766038602090396        17.405144577122069     
 NP           60          50   3.1000000000000001        1.0000000000000000       0.80698706071557180       0.85202658099911832        48.022222222222219        10.160436698707185        1.2757377852274208        1.1949154997567630       0.49326512695552110        16.479335407954416     
 NP           61          50   3.1000000000000001        1.1000000000000001       0.80966190843035080       0.85202658099911832        48.022222222222204        10.313826776988257        1.9397111279532790        1.1881943000299113       0.82176283233889857        15.687197532456077     
 NP           62          50   3.1000000000000001        1.2000000000000000       0.81244273602065264       0.85202658099911832        48.022222222222169        10.487710956039310        2.4715852010494332        1.1202617103022428       0.97462357798679577        15.121010180219439     
 NP           63          50   3.1000000000000001        1.3000000000000000       0.81548049467411110       0.85202658099911832        48.022222222222197        10.634613651640400        2.8313822801674684        1.0523077496114386        1.1252633804902847        14.720743021310717     
 NP           64          50   3.1000000000000001        1.3999999999999999       0.81724543123273574       0.85202658099911832        48.022222222222226        10.795753138892072        3.1626945034355884       0.90837256439168779        1.1743180616681217        14.360865471706065     
 NP           65          50   3.1000000000000001        1.5000000000000000       0.82009611239110769       0.85202658099911832        48.022222222222226        10.943230601743558        3.4022759344326365       0.82045670758728884        1.2308973124047451        14.128777971531797     
 NP           66          50   3.1000000000000001        1.6000000000000001       0.82068164044545266       0.85202658099911832        48.022222222222197        11.078689029507130        3.7012475950517536       0.60472321596222744        1.2161015760569445        13.791591384832032     
 NP           67          50   3.1000000000000001        1.7000000000000000       0.82102987509493763       0.85202658099911832        48.022222222222176        11.186177346264346        4.0127061449798047       0.43183538729530213        1.1580965525510614        13.493406697485886     
 NP           68          50   3.1000000000000001        1.8000000000000000       0.82050087516304837       0.85202658099911832        48.022222222222254        11.301523804629337        4.3499806328916391       0.20544789585573170        1.0803779258709527        13.147728608007153     
 NP           69          50   3.1000000000000001        1.8999999999999999       0.81905735605716201       0.85202658099911832        48.022222222222219        11.386385168397830        4.7668609619769287       -1.3063840092365178E-002  0.94343091392341694        12.762859169916620     
 NP           70          50   3.1000000000000001        2.0000000000000000       0.81645585693948197       0.85202658099911832        48.022222222222254        11.450405828134150        5.2629953773883775      -0.24519538171795544       0.77624802989487729        12.304644946400575     
 NP           71          50   3.1000000000000001        2.1000000000000001       0.81479199984146500       0.85202658099911832        48.022222222222233        11.446524718476594        5.6764794673178054      -0.49103740092273285       0.59326520186647591        11.935092828095939     
 NP           72          50   3.1000000000000001        2.2000000000000002       0.81359108228923960       0.85202658099911832        48.022222222222247        11.447959822032921        6.0586989480977218      -0.69792921536910868       0.42474503847353318        11.613912933104046     
 NP           73          50   3.1000000000000001        2.2999999999999998       0.81208249730721294       0.85202658099911832        48.022222222222211        11.386067926343500        6.4476343078725176      -0.89457852467422039       0.27333589909639050        11.273268315310398     
 NP           74          50   3.1000000000000001        2.3999999999999999       0.81099067666133295       0.85202658099911832        48.022222222222183        11.292443836365445        6.7456895970110518       -1.0800465621062665       0.11809392270065146        11.023621826234159     
 NP           75          50   3.1000000000000001        2.5000000000000000       0.81024730218228558       0.85202658099911832        48.022222222222211        11.179473323780959        7.0309236734381209       -1.2584017815081998       -4.4822769102051678E-002   10.803477354484277     
 NP           76          50   3.1000000000000001        2.6000000000000001       0.80912708445043635       0.85202658099911832        48.022222222222233        11.040239938055613        7.3020909735584789       -1.3841590780588517      -0.16780786098406289        10.585677024193052     
 NP           77          50   3.1000000000000001        2.7000000000000002       0.80822368523798471       0.85202658099911832        48.022222222222233        10.883533948681599        7.4858819754691597       -1.5029105509894312      -0.28023542552619024        10.440803373108221     
 NP           78          50   3.1000000000000001        2.7999999999999998       0.80673190600921330       0.85202658099911832        48.022222222222211        10.704195656795660        7.6609199268909052       -1.6360818781976747      -0.37557568182925799        10.275539518897899     
 NP           79          50   3.1000000000000001        2.8999999999999999       0.80548051722826552       0.85202658099911832        48.022222222222233        10.504615030419162        7.8155140368337905       -1.7369766904548178      -0.46461902174555497        10.146274641286166     
 NP           80          50   3.1000000000000001        3.0000000000000000       0.80382116192958808       0.85202658099911832        48.022222222222233        10.338380071240442        7.9765698263516382       -1.8309416836469592      -0.51909078208789294        9.9858080419268482     
 NP           81          50   3.1000000000000001        3.1000000000000001       0.80308363448532227       0.85202658099911832        48.022222222222233        10.172729947457901        8.0599188911583575       -1.8989716489589332      -0.55927047341090197        9.9124289662331133     
 NP           82          50   3.1000000000000001        3.2000000000000002       0.80210242741004734       0.85202658099911832        48.022222222222226        10.001126440859093        8.1069409504131311       -1.9797601639314537      -0.55944365116731232        9.8331267189207576     
 NP           83          50   3.1000000000000001        3.2999999999999998       0.80170798847011993       0.85202658099911832        48.022222222222240        9.8464399539827578        8.1140420304566483       -2.0423467911874851      -0.54921262462600196        9.8011629613336275     
 NP           84          50   3.1000000000000001        3.3999999999999999       0.80156834700571533       0.85202658099911832        48.022222222222247        9.6808060349806073        8.0620343251619921       -2.1252463567181721      -0.54700350830320310        9.8222957036733618     
 NP           85          50   3.1000000000000001        3.5000000000000000       0.80226478392479206       0.85202658099911832        48.022222222222240        9.5031876897621181        7.9368372357156876       -2.2011703331944745      -0.51363065602925895        9.9071349555861996     
 NP           86          50   3.1000000000000001        3.6000000000000001       0.80295230441801735       0.85202658099911832        48.022222222222240        9.3009603660034159        7.7360629393439488       -2.2582833041597796      -0.44517482711960016        10.039560247517311     
 NP           87          50   3.1000000000000001        3.7000000000000002       0.80420679055369682       0.85202658099911832        48.022222222222233        9.1116409382131440        7.5352150396666415       -2.3153903276121395      -0.39817027334531491        10.202145813295633     
 NP           88          50   3.1000000000000001        3.7999999999999998       0.80620472788717223       0.85202658099911832        48.022222222222254        8.9076232123671133        7.2710508429054297       -2.3837748781178107      -0.35890615056053388        10.437881908822913     
 NP           89          50   3.1000000000000001        3.8999999999999999       0.80776219811166095       0.85202658099911832        48.022222222222261        8.7013932279109536        7.0516591835774740       -2.4446346298202140      -0.34873029719591220        10.653787325868940     
 NP           90          50   3.1000000000000001        4.0000000000000000       0.81005827818606779       0.85202658099911832        48.022222222222247        8.4709779790371691        6.8087321047221137       -2.5203659878323315      -0.35442245830508706        10.918400844047838     
 NP           91          50   3.1000000000000001        4.0999999999999996       0.81228993851590281       0.85202658099911832        48.022222222222240        8.2680775232312804        6.5795105764299286       -2.5699924887965326      -0.34527344092686268        11.166555101549383     
 NP           92          50   3.1000000000000001        4.2000000000000002       0.81488120522553253       0.85202658099911832        48.022222222222261        8.0319135993849819        6.3395384136117725       -2.6035233020489956      -0.34738928357661358        11.452900942616465     
 NP           93          50   3.1000000000000001        4.2999999999999998       0.81817413886982926       0.85202658099911832        48.022222222222240        7.7879747387094653        6.0894601117763543       -2.6351080245981251      -0.33599587549562232        11.757978420144539     
 NP           94          50   3.1000000000000001        4.4000000000000004       0.82268567291740480       0.85202658099911832        48.022222222222261        7.5230917653056997        5.8089170548007214       -2.6553610119909177      -0.34500618321316118        12.135327227523408     
 NP           95          50   3.1000000000000001        4.5000000000000000       0.82677960139213336       0.85202658099911832        48.022222222222275        7.2633136552691875        5.5096642838977745       -2.6781833995063420      -0.27409123585035727        12.464964271268528     
 NP           96          50   3.1000000000000001        4.5999999999999996       0.83227411010384789       0.85202658099911832        48.022222222222233        6.9608502932828689        5.1732140700855576       -2.6828526428589718      -0.18789778174377883        12.859313566053736     
 NP           97          50   3.1000000000000001        4.7000000000000002       0.83856794498063114       0.85202658099911832        48.022222222222247        6.6365552118369786        4.7896185945372771       -2.7111121479255975       -4.2838539778426811E-002   13.267125957321889     
 NP           98          50   3.1000000000000001        4.7999999999999998       0.84490501982029143       0.85202658099911832        48.022222222222233        6.2938319908499576        4.3289645859045125       -2.7612519453691911       0.17084813655846443        13.690855264098419     
 NP           99          50   3.1000000000000001        4.9000000000000004       0.85197187723462320       0.85202658099911832        48.022222222222233        5.9333128215227404        3.8325537187589873       -2.8389335995972984       0.42255571392283248        14.131277965960138     
 NP          100         100   3.1000000000000001        5.0000000000000000       0.85936378802922275       0.85936378802922275        48.022222222222261        5.5713741094492670        3.3097880641766833       -2.9094417150157370       0.74722693915805793        14.557940212018016     
 NP          101         100   3.2000000000000002       0.10000000000000001       0.76565683766105053       0.85936378802922275        48.022222222222275        10.172391754776804       -1.0398513349763492       -1.9845701879636759       -3.4478002483453554        19.655021692509251     
 NP          102         100   3.2000000000000002       0.20000000000000001       0.76419620781942099       0.85936378802922275        48.022222222222204        9.8351052233714924       -2.0206303348891059       -1.1528842919025730       -2.8877611778152419        20.507538349176134     
 NP          103         100   3.2000000000000002       0.29999999999999999       0.77995331002606416       0.85936378802922275        48.022222222222297        9.7360834966174927       -4.1140097107430327       -8.8134917075500835E-002  -2.3470024188697196        22.772996243572102     
 NP          104         100   3.2000000000000002       0.40000000000000002       0.78793598621189542       0.85936378802922275        48.022222222222190        9.5859042581018201       -4.0086596251349382       0.62992435327199348       -1.4043707652278004        22.351263927760819     
 NP          105         100   3.2000000000000002       0.50000000000000000       0.79363176335907715       0.85936378802922275        48.022222222222126        9.6581033440238588       -2.6252725068560312       0.95173772283493585      -0.89929844783145174        20.861894689153150     
 NP          106         100   3.2000000000000002       0.59999999999999998       0.79927730498042660       0.85936378802922275        48.022222222222162        9.7427903067015702       -1.4886403745028818        1.1198427168351679      -0.19297637383158073        19.385476724912195     
 NP          107         100   3.2000000000000002       0.69999999999999996       0.80206833291084434       0.85936378802922275        48.022222222222169        9.8620223764952843      -0.14801074150345420        1.2235561979754859       0.29920925539943016        17.848573064219980     
 NP          108         100   3.2000000000000002       0.80000000000000004       0.80293184297927178       0.85936378802922275        48.022222222222169        10.062891130345022        1.1102555280913462        1.2256380702655938       0.56616883445270227        16.507273566086262     
 NP          109         100   3.2000000000000002       0.90000000000000002       0.80715662106206232       0.85936378802922275        48.022222222222283        10.211007081622055        1.9036165813033261        1.2629849246839513       0.78034931810806907        15.718943332483359     
 NP          110         100   3.2000000000000002        1.0000000000000000       0.80978410225902642       0.85936378802922275        48.022222222222197        10.368504689822146        2.4518274930694344        1.1930086622752381        1.0992587339657922        15.000085438505916     
 NP          111         100   3.2000000000000002        1.1000000000000001       0.81241271601272458       0.85936378802922275        48.022222222222119        10.521184750060780        2.8892535175749270        1.1105137725384233        1.2245873856543241        14.529029499963464     
 NP          112         100   3.2000000000000002        1.2000000000000000       0.81559684592697523       0.85936378802922275        48.022222222222233        10.657292688670543        3.1464361749728900        1.0399488857381731        1.3546314534037605        14.234180645429522     
 NP          113         100   3.2000000000000002        1.3000000000000000       0.81797792560857396       0.85936378802922275        48.022222222222261        10.823916807429127        3.3668962029503380       0.93873408993910912        1.3896066204273749        14.015702931004299     
 NP          114         100   3.2000000000000002        1.3999999999999999       0.82038244668564586       0.85936378802922275        48.022222222222240        10.978145318873272        3.6145229523109017       0.82227539779787362        1.4119091263164421        13.780279211319890     
 NP          115         100   3.2000000000000002        1.5000000000000000       0.82082083099373948       0.85936378802922275        48.022222222222233        11.099613641012263        3.8550365419059411       0.60894651840545599        1.3979639248069109        13.492704127014385     
 NP          116         100   3.2000000000000002        1.6000000000000001       0.82155131765902478       0.85936378802922275        48.022222222222233        11.205104800043847        4.0955670249358365       0.43133086461951320        1.3195926359044647        13.277014371642606     
 NP          117         100   3.2000000000000002        1.7000000000000000       0.82052647622583574       0.85936378802922275        48.022222222222240        11.304531776106860        4.4839805820749570       0.21108397578259966        1.2221509665394525        12.899973723125504     
 NP          118         100   3.2000000000000002        1.8000000000000000       0.81899116933003291       0.85936378802922275        48.022222222222240        11.403707297709014        4.9175696363105921       -1.3656471910368933E-002   1.0703123797409926        12.515001583937385     
 NP          119         100   3.2000000000000002        1.8999999999999999       0.81681256083906373       0.85936378802922275        48.022222222222240        11.457529616050905        5.3581464489822430      -0.26727992300133302       0.84735609168371151        12.145906533137191     
 NP          120         100   3.2000000000000002        2.0000000000000000       0.81502445408241730       0.85936378802922275        48.022222222222240        11.464063091555037        5.7699055199813607      -0.51004913787675199       0.65688205993938031        11.790977928177689     
 NP          121         100   3.2000000000000002        2.1000000000000001       0.81346578655867752       0.85936378802922275        48.022222222222204        11.464246100897887        6.1895045275727458      -0.71515339158411151       0.46869359876282302        11.453887288755457     
 NP          122         100   3.2000000000000002        2.2000000000000002       0.81221213339937204       0.85936378802922275        48.022222222222233        11.390909712150203        6.5440500997285787      -0.91248589802986846       0.29482368521627678        11.167234715097401     
 NP          123         100   3.2000000000000002        2.2999999999999998       0.81113627079677553       0.85936378802922275        48.022222222222261        11.308546743033746        6.8499330872840032       -1.0883823256924430       0.11963881278427665        10.936843688955674     
 NP          124         100   3.2000000000000002        2.3999999999999999       0.80978116541823963       0.85936378802922275        48.022222222222233        11.187184119011560        7.1697775320529500       -1.2502549415690252       -4.8797050823187402E-002   10.692248751704488     
 NP          125         100   3.2000000000000002        2.5000000000000000       0.80932278969445659       0.85936378802922275        48.022222222222240        11.051240889997850        7.4138809088596007       -1.3930338861575979      -0.19360842535663270        10.523986311179538     
 NP          126         100   3.2000000000000002        2.6000000000000001       0.80842229441767777       0.85936378802922275        48.022222222222204        10.901324304317624        7.5969002807231050       -1.5202568011901085      -0.31900152153525663        10.389583306638936     
 NP          127         100   3.2000000000000002        2.7000000000000002       0.80670523228073920       0.85936378802922275        48.022222222222233        10.710022283977262        7.7671441342915628       -1.6367684756422169      -0.39477922317327330        10.219403474963928     
 NP          128         100   3.2000000000000002        2.7999999999999998       0.80521538289792915       0.85936378802922275        48.022222222222233        10.516342791398163        7.9515145737495159       -1.7367244612259525      -0.49350430462607425        10.071567376247470     
 NP          129         100   3.2000000000000002        2.8999999999999999       0.80398956576951286       0.85936378802922275        48.022222222222247        10.338954534858480        8.0879810391147711       -1.8298773651608731      -0.55545629692747245        9.9487697507551847     
 NP          130         100   3.2000000000000002        3.0000000000000000       0.80292223637158155       0.85936378802922275        48.022222222222247        10.175496441591021        8.1790607061698690       -1.9046614467366179      -0.59748738853004102        9.8612332412757411     
 NP          131         100   3.2000000000000002        3.1000000000000001       0.80218288116228620       0.85936378802922275        48.022222222222219        10.007462357252251        8.2205717150501645       -1.9734157878829615      -0.59767818881077550        9.7968383067491303     
 NP          132         100   3.2000000000000002        3.2000000000000002       0.80156978335973550       0.85936378802922275        48.022222222222211        9.8542404421616414        8.2280241131105694       -2.0550669755505191      -0.59549841071677290        9.7569400518552847     
 NP          133         100   3.2000000000000002        3.2999999999999998       0.80159402629155030       0.85936378802922275        48.022222222222233        9.6859315792301377        8.1814884231859999       -2.1199820379533083      -0.58062080707169750        9.7763321931670983     
 NP          134         100   3.2000000000000002        3.3999999999999999       0.80216695796584492       0.85936378802922275        48.022222222222240        9.5110773948366329        8.0306598541961396       -2.2081177783882318      -0.53487605544830830        9.8628211151223013     
 NP          135         100   3.2000000000000002        3.5000000000000000       0.80291489126230298       0.85936378802922275        48.022222222222233        9.3105891534649796        7.8407646053374522       -2.2508674555087524      -0.45151951248753630        9.9806531647538534     
 NP          136         100   3.2000000000000002        3.6000000000000001       0.80424359139205825       0.85936378802922275        48.022222222222219        9.1135597466244285        7.6152755431093793       -2.3165342266168572      -0.41416648055616184        10.166753085773907     
 NP          137         100   3.2000000000000002        3.7000000000000002       0.80551187123553247       0.85936378802922275        48.022222222222254        8.9216879367331146        7.3810032014520601       -2.3748228647202909      -0.36415766570304631        10.354363634733724     
 NP          138         100   3.2000000000000002        3.7999999999999998       0.80774510071971872       0.85936378802922275        48.022222222222233        8.7011118016495850        7.1265606564438473       -2.4279179604362020      -0.33565683528001250        10.605478232763245     
 NP          139         100   3.2000000000000002        3.8999999999999999       0.80932656899349475       0.85936378802922275        48.022222222222254        8.4883895546459680        6.8980356044166138       -2.5091474507030940      -0.33149133072440279        10.830311976392537     
 NP          140         100   3.2000000000000002        4.0000000000000000       0.81173491744582016       0.85936378802922275        48.022222222222254        8.2638840708887980        6.6669231860120775       -2.5495551030348960      -0.32068853264165181        11.090313148272363     
 NP          141         100   3.2000000000000002        4.0999999999999996       0.81463503715025509       0.85936378802922275        48.022222222222240        8.0329942239417349        6.3945797378789075       -2.5802564710365221      -0.31092143094234109        11.400056569029749     
 NP          142         100   3.2000000000000002        4.2000000000000002       0.81828450545346920       0.85936378802922275        48.022222222222268        7.7859979571499816        6.1555532786967246       -2.6027105437988309      -0.32146766074379546        11.722677059043001     
 NP          143         100   3.2000000000000002        4.2999999999999998       0.82229640636675017       0.85936378802922275        48.022222222222247        7.5150091881490484        5.8410777672155065       -2.6275666255307017      -0.27930888149578442        12.080995988143652     
 NP          144         100   3.2000000000000002        4.4000000000000004       0.82715489683198473       0.85936378802922275        48.022222222222254        7.2321060317644932        5.5168952289965167       -2.6471906113273005      -0.21249876993960418        12.453266830657247     
 NP          145         100   3.2000000000000002        4.5000000000000000       0.83196554477458229       0.85936378802922275        48.022222222222247        6.9441023725704802        5.1878978179426323       -2.6497436908889367       -7.5428849147139404E-002   12.788069771710328     
 NP          146         100   3.2000000000000002        4.5999999999999996       0.83818578657839793       0.85936378802922275        48.022222222222233        6.6253127255906081        4.7813949399451587       -2.6925372640113037        7.3975274626295176E-002   13.198805220405704     
 NP          147         100   3.2000000000000002        4.7000000000000002       0.84486333953832082       0.85936378802922275        48.022222222222268        6.2717863399884290        4.2785090550537133       -2.7469581327962342       0.28719384938256831        13.656508905724058     
 NP          148         100   3.2000000000000002        4.7999999999999998       0.85203457878811162       0.85936378802922275        48.022222222222247        5.9260443532816449        3.7602511092695905       -2.7937820429219791       0.60115027320794967        14.070418329085717     
 NP          149         149   3.2000000000000002        4.9000000000000004       0.85997982078183299       0.85997982078183299        48.022222222222233        5.5410009957040218        3.1832407499092881       -2.8730578364092167       0.92444062622042200        14.542524117735407     
 NP          150         150   3.2000000000000002        5.0000000000000000       0.86705262606186606       0.86705262606186606        48.022222222222283        5.2134723305410287        2.6743036381865912       -2.9334909765967123        1.2889223373449148        14.911115378520080     
 NP          151         150   3.2999999999999998       0.10000000000000001       0.76193262405294671       0.86705262606186606        48.022222222222140        9.5287699410061144       -2.0080720766725175      -0.48406528252258613       -2.3708701915170205        20.450341600208560     
 NP          152         150   3.2999999999999998       0.20000000000000001       0.78199875708619104       0.86705262606186606        48.022222222222297        9.6133707119583107       -4.0311317665600024       0.56233559075157058       -1.7554504844244077        22.617177595516353     
 NP          153         150   3.2999999999999998       0.29999999999999999       0.79060111046267223       0.86705262606186606        48.022222222222261        9.5135492714166681       -3.5947304423717048        1.1321152250644533      -0.81605593530832254        21.798694069654800     
 NP          154         150   3.2999999999999998       0.40000000000000002       0.79398420743025444       0.86705262606186606        48.022222222222254        9.6548481562915320       -1.7252671442758647        1.2137153555661822      -0.41641539999567578        19.784353655063224     
 NP          155         150   3.2999999999999998       0.50000000000000000       0.79884427841076322       0.86705262606186606        48.022222222222226        9.7417263471173019      -0.52982180113411215        1.2987175571607825       0.33920222384433052        18.154343278020853     
 NP          156         150   3.2999999999999998       0.59999999999999998       0.80181273150397059       0.86705262606186606        48.022222222222275        9.8792614641282697       0.55231940523414991        1.3388230476338849       0.70172385898925249        16.930778988394831     
 NP          157         150   3.2999999999999998       0.69999999999999996       0.80312352443442303       0.86705262606186606        48.022222222222197        10.078530858634476        1.7367115006917795        1.2945919533947934       0.91316070968527185        15.688863006995268     
 NP          158         150   3.2999999999999998       0.80000000000000004       0.80679428026915789       0.86705262606186606        48.022222222222190        10.226663608316091        2.4369622696344577        1.2788590179918990        1.1224197297280498        14.955274129548025     
 NP          159         150   3.2999999999999998       0.90000000000000002       0.80958314260735642       0.86705262606186606        48.022222222222204        10.370443220211390        2.8362667552778822        1.2227181426783518        1.3863968843111791        14.419496593974689     
 NP          160         150   3.2999999999999998        1.0000000000000000       0.81254672511008719       0.86705262606186606        48.022222222222226        10.537446437708001        3.1525427084878417        1.1603651318715085        1.5111670735230158        14.073071139239467     
 NP          161         150   3.2999999999999998        1.1000000000000001       0.81534991953008884       0.86705262606186606        48.022222222222219        10.682165034611300        3.3847112470474694        1.0627507957699305        1.6110413541699924        13.802082173786284     
 NP          162         150   3.2999999999999998        1.2000000000000000       0.81738447381088608       0.86705262606186606        48.022222222222219        10.823050626681050        3.5692685223689842       0.93781417112334875        1.6343028272764137        13.605109362042274     
 NP          163         150   3.2999999999999998        1.3000000000000000       0.81977967867906276       0.86705262606186606        48.022222222222226        10.975459056240769        3.8004151994895121       0.82218394370830461        1.6358864093037557        13.401784164643360     
 NP          164         150   3.2999999999999998        1.3999999999999999       0.82078064234657533       0.86705262606186606        48.022222222222183        11.111835323556067        4.0211725573654755       0.61393774140535018        1.5843456812493950        13.174930231288670     
 NP          165         150   3.2999999999999998        1.5000000000000000       0.82122706878486329       0.86705262606186606        48.022222222222176        11.222368253950416        4.2528115321214504       0.43558318290247416        1.4895537731353086        12.977367939326031     
 NP          166         150   3.2999999999999998        1.6000000000000001       0.82076250513804883       0.86705262606186606        48.022222222222219        11.326146701476757        4.5915093791626322       0.19309366701034555        1.3414512996939845        12.683022137553932     
 NP          167         150   3.2999999999999998        1.7000000000000000       0.81888410856943605       0.86705262606186606        48.022222222222162        11.416036565800679        5.0206654467893390       -2.8709689368997995E-002   1.1720508652512303        12.314697480165069     
 NP          168         150   3.2999999999999998        1.8000000000000000       0.81677236133131992       0.86705262606186606        48.022222222222240        11.467737987419241        5.4539161926388049      -0.27219819790363264       0.94289713989687285        11.970375022858921     
 NP          169         150   3.2999999999999998        1.8999999999999999       0.81473366101329914       0.86705262606186606        48.022222222222226        11.473639998390061        5.8751057009386134      -0.51523809629998074       0.74283612782291453        11.616274170756242     
 NP          170         150   3.2999999999999998        2.0000000000000000       0.81361274748229029       0.86705262606186606        48.022222222222240        11.468650443343424        6.2629163129388132      -0.70953214075091087       0.55247859111986952        11.327345023516303     
 NP          171         150   3.2999999999999998        2.1000000000000001       0.81190337821541891       0.86705262606186606        48.022222222222233        11.402009881026750        6.6380413835636096      -0.91815523444853175       0.35706429513885812        11.030938373240904     
 NP          172         150   3.2999999999999998        2.2000000000000002       0.81084567111714800       0.86705262606186606        48.022222222222240        11.311139247033688        6.9645770690601694       -1.0993857086324779       0.16004677579458801        10.803306941895180     
 NP          173         150   3.2999999999999998        2.2999999999999998       0.81004634755247040       0.86705262606186606        48.022222222222211        11.197250200310043        7.2545574698987094       -1.2551119290767387       -3.2136061424228653E-002   10.620795651810045     
 NP          174         150   3.2999999999999998        2.3999999999999999       0.80887156505469959       0.86705262606186606        48.022222222222240        11.050330479532009        7.5184918735388893       -1.3969291840986957      -0.15464720913531488        10.408988915145921     
 NP          175         150   3.2999999999999998        2.5000000000000000       0.80783085169143398       0.86705262606186606        48.022222222222233        10.896698030871837        7.6970189926222590       -1.5140140533681845      -0.28085668152011900        10.283185968379602     
 NP          176         150   3.2999999999999998        2.6000000000000001       0.80655148297110402       0.86705262606186606        48.022222222222219        10.710948516344512        7.8722291127982116       -1.6366596454674669      -0.39152098683437619        10.144748260892635     
 NP          177         150   3.2999999999999998        2.7000000000000002       0.80526404840512511       0.86705262606186606        48.022222222222219        10.518841328433881        8.0197828314430950       -1.7279706317178853      -0.47019665438651953        10.022186703863115     
 NP          178         150   3.2999999999999998        2.7999999999999998       0.80383392525434416       0.86705262606186606        48.022222222222226        10.334609773660059        8.1795169851451490       -1.8182728328351077      -0.53311594373177107        9.8805196718765291     
 NP          179         150   3.2999999999999998        2.8999999999999999       0.80280209009764603       0.86705262606186606        48.022222222222233        10.174422208896559        8.2531653387284418       -1.8908088443697126      -0.56868528011906805        9.8043772486313063     
 NP          180         150   3.2999999999999998        3.0000000000000000       0.80206720632655681       0.86705262606186606        48.022222222222233        10.007907104605666        8.2999653607011332       -1.9696370526567584      -0.57838004846269109        9.7390657161636280     
 NP          181         150   3.2999999999999998        3.1000000000000001       0.80157003420376860       0.86705262606186606        48.022222222222254        9.8428388660183401        8.2957222641235280       -2.0279635300574506      -0.54905342398062262        9.7014128495640399     
 NP          182         150   3.2999999999999998        3.2000000000000002       0.80139136118788978       0.86705262606186606        48.022222222222240        9.6811244831242114        8.2488134146898240       -2.1061207302954141      -0.53806078296707649        9.7126755957700883     
 NP          183         150   3.2999999999999998        3.2999999999999998       0.80165874705477136       0.86705262606186606        48.022222222222226        9.4981907258351441        8.0880652088054923       -2.1661010984078666      -0.46014238035907284        9.7855951308541282     
 NP          184         150   3.2999999999999998        3.3999999999999999       0.80288531237789340       0.86705262606186606        48.022222222222226        9.3080293979285162        7.8625910780341330       -2.2260463806963027      -0.39097910029682120        9.9427258994772352     
 NP          185         150   3.2999999999999998        3.5000000000000000       0.80437393744879537       0.86705262606186606        48.022222222222233        9.1050199475776417        7.6142182583997933       -2.2836063002822407      -0.33634389452956098        10.140352942245666     
 NP          186         150   3.2999999999999998        3.6000000000000001       0.80568216346494070       0.86705262606186606        48.022222222222247        8.8984599062697090        7.3831514094238626       -2.3476227762709949      -0.27347782969807671        10.316619284538337     
 NP          187         150   3.2999999999999998        3.7000000000000002       0.80762492129609775       0.86705262606186606        48.022222222222219        8.6803964952844890        7.1447967297571218       -2.4161642636011531      -0.26708720521314627        10.558021674119402     
 NP          188         150   3.2999999999999998        3.7999999999999998       0.80983015980191375       0.86705262606186606        48.022222222222240        8.4720144746210337        6.8880112781708904       -2.4787414646578556      -0.24250800992054836        10.809697036038934     
 NP          189         150   3.2999999999999998        3.8999999999999999       0.81185707912802207       0.86705262606186606        48.022222222222254        8.2441122129646640        6.6528405850727745       -2.5107066389440669      -0.21378175061911298        11.054314288547362     
 NP          190         150   3.2999999999999998        4.0000000000000000       0.81468932708599395       0.86705262606186606        48.022222222222261        8.0152135279005812        6.3988089278064066       -2.5401240222879524      -0.18562080646538226        11.335331801891323     
 NP          191         150   3.2999999999999998        4.0999999999999996       0.81784909989466814       0.86705262606186606        48.022222222222261        7.7695447266857309        6.1605731420098051       -2.5849960768575482      -0.18978065352143503        11.635402961944351     
 NP          192         150   3.2999999999999998        4.2000000000000002       0.82176428830065884       0.86705262606186606        48.022222222222226        7.5204691061330315        5.8734849893100680       -2.5964208510596261      -0.16109130003073782        11.978075768841970     
 NP          193         150   3.2999999999999998        4.2999999999999998       0.82677083921044281       0.86705262606186606        48.022222222222254        7.2306682099299042        5.5219051166766313       -2.6033240506254205       -7.8194288876939813E-002   12.367197255395272     
 NP          194         150   3.2999999999999998        4.4000000000000004       0.83226210754398910       0.86705262606186606        48.022222222222275        6.9322727064431877        5.1387902013744347       -2.6275704722831641        3.7514463368162589E-002   12.764533402136827     
 NP          195         150   3.2999999999999998        4.5000000000000000       0.83817303633840068       0.86705262606186606        48.022222222222254        6.6055075907488865        4.7439879307546020       -2.6547136472588950       0.21068876906773468        13.147136570854393     
 NP          196         150   3.2999999999999998        4.5999999999999996       0.84499571383944017       0.86705262606186606        48.022222222222233        6.2707866654846685        4.2405633914345300       -2.7011567205946623       0.43811837999948272        13.589091058413288     
 NP          197         150   3.2999999999999998        4.7000000000000002       0.85232977743255711       0.86705262606186606        48.022222222222254        5.9031423347528404        3.6648970316230387       -2.7529784510857080       0.79386774742234834        14.018006737299190     
 NP          198         150   3.2999999999999998        4.7999999999999998       0.85965475290041060       0.86705262606186606        48.022222222222254        5.5276443724999691        3.0602596494170737       -2.8261547736647188        1.1761385131970858        14.450655732154477     
 NP          199         150   3.2999999999999998        4.9000000000000004       0.86672020367902303       0.86705262606186606        48.022222222222247        5.1880538783580850        2.5187475534164667       -2.8773146786568766        1.5599487274516295        14.827711927594978     
 NP          200         200   3.2999999999999998        5.0000000000000000       0.87445383894714368       0.87445383894714368        48.022222222222261        4.8484790980191166        2.0178592505041837       -2.9527601426720875        1.8960793771490152        15.213585802317317     
 NP          201         200   3.3999999999999999       0.10000000000000001       0.79442146297510496       0.87445383894714368        48.022222222222119        9.7995766996911318       -3.7488340635304418        1.1791222412593434      -0.86698137815849119        22.073410512121733     
 NP          202         200   3.3999999999999999       0.20000000000000001       0.79474195711371209       0.87445383894714368        48.022222222222197        9.6148666927148767       -2.4030847728025750        1.4241354285773073        9.4437239692403044E-002   20.109847561883534     
 NP          203         200   3.3999999999999999       0.29999999999999999       0.79688750732312263       0.87445383894714368        48.022222222222105        9.7631274819769054      -0.54205187409666722        1.4075301940573122       0.23560231574414001        18.276378174824377     
 NP          204         200   3.3999999999999999       0.40000000000000002       0.80107085680575374       0.87445383894714368        48.022222222222226        9.8411103820602186       0.44328121057181363        1.3563504996799653       0.86595396619872800        16.869230627865189     
 NP          205         200   3.3999999999999999       0.50000000000000000       0.80291683352310961       0.87445383894714368        48.022222222222183        9.9548655298711477        1.4527511327305309        1.3836366889656511        1.1489404783490595        15.765945517337945     
 NP          206         200   3.3999999999999999       0.59999999999999998       0.80364873709645490       0.87445383894714368        48.022222222222190        10.139509507408743        2.4188783257705375        1.3066254740964418        1.3427758107357488        14.718735978310523     
 NP          207         200   3.3999999999999999       0.69999999999999996       0.80687424080885861       0.87445383894714368        48.022222222222261        10.283135231290100        3.0337574729422081        1.2861428008169105        1.5116124580849257        14.092301331576849     
 NP          208         200   3.3999999999999999       0.80000000000000004       0.80923098786938741       0.87445383894714368        48.022222222222176        10.424840093335463        3.3164576717588248        1.2229587745044845        1.7525440896447702        13.667226109879120     
 NP          209         200   3.3999999999999999       0.90000000000000002       0.81260571826968753       0.87445383894714368        48.022222222222176        10.580422506413310        3.5523485468275666        1.1498636381959815        1.8417812573049679        13.423762506845573     
 NP          210         200   3.3999999999999999        1.0000000000000000       0.81537991637654539       0.87445383894714368        48.022222222222197        10.702572424991159        3.7174525341112687        1.0495414176967206        1.9195247438867311        13.227440631071154     
 NP          211         200   3.3999999999999999        1.1000000000000001       0.81829410450874884       0.87445383894714368        48.022222222222240        10.858034481701296        3.8253712420106769       0.94078640728578800        1.8861572290158364        13.167659547940513     
 NP          212         200   3.3999999999999999        1.2000000000000000       0.82015139631307221       0.87445383894714368        48.022222222222240        11.006011972166636        3.9774423757133950       0.82160679541716164        1.9050811529862470        13.008655893810104     
 NP          213         200   3.3999999999999999        1.3000000000000000       0.82138129854969888       0.87445383894714368        48.022222222222183        11.127340612698221        4.1542898158277728       0.61230292571205092        1.8186591267439660        12.851664113741188     
 NP          214         200   3.3999999999999999        1.3999999999999999       0.82156070986652008       0.87445383894714368        48.022222222222226        11.236654445484135        4.3958447927319462       0.41903585699077955        1.6974800762153670        12.657826077218211     
 NP          215         200   3.3999999999999999        1.5000000000000000       0.82079193336964007       0.87445383894714368        48.022222222222219        11.345395118831457        4.6908225127740586       0.20278084516401793        1.5305797437784223        12.426950700314460     
 NP          216         200   3.3999999999999999        1.6000000000000001       0.81886219714388875       0.87445383894714368        48.022222222222197        11.420207797205379        5.1235126102606543       -2.6126726081303092E-002   1.3511925326847170        12.064175787500789     
 NP          217         200   3.3999999999999999        1.7000000000000000       0.81683678300717633       0.87445383894714368        48.022222222222240        11.481029918955331        5.5469706217449710      -0.26907224573960747        1.0997061335633591        11.755180178994193     
 NP          218         200   3.3999999999999999        1.8000000000000000       0.81465834497354628       0.87445383894714368        48.022222222222226        11.479551561603023        5.9585253057843790      -0.51691610123739939       0.88092454529800412        11.423702407389163     
 NP          219         200   3.3999999999999999        1.8999999999999999       0.81301456955591722       0.87445383894714368        48.022222222222211        11.475731810287989        6.3420418504202063      -0.72031643419632951       0.67783344041926441        11.138410927014485     
 NP          220         200   3.3999999999999999        2.0000000000000000       0.81191711954715107       0.87445383894714368        48.022222222222247        11.402568546982625        6.7261408021635347      -0.91821984017104585       0.44947317201467624        10.883900110881065     
 NP          221         200   3.3999999999999999        2.1000000000000001       0.81090910751342671       0.87445383894714368        48.022222222222219        11.322684090055601        7.0466760688520038       -1.1008846341805099       0.23792278703002495        10.679273514919917     
 NP          222         200   3.3999999999999999        2.2000000000000002       0.80969123916302643       0.87445383894714368        48.022222222222219        11.196270851782424        7.3173456525919436       -1.2577282360368287        7.6844564640806648E-002   10.483591088766119     
 NP          223         200   3.3999999999999999        2.2999999999999998       0.80893582539682429       0.87445383894714368        48.022222222222233        11.062171871391882        7.5812591619240335       -1.3912109743760734       -9.3615194267825927E-002   10.324916585181018     
 NP          224         200   3.3999999999999999        2.3999999999999999       0.80811269294716581       0.87445383894714368        48.022222222222233        10.900412938495812        7.7643550597139708       -1.5174465597141635      -0.23136717970120624        10.208997419662161     
 NP          225         200   3.3999999999999999        2.5000000000000000       0.80642319217462310       0.87445383894714368        48.022222222222233        10.721083578129472        7.9432521716048656       -1.6278892355789787      -0.33007257222087999        10.056787301617705     
 NP          226         200   3.3999999999999999        2.6000000000000001       0.80534608231489124       0.87445383894714368        48.022222222222219        10.521833241317458        8.0952648742903310       -1.7136367734246778      -0.42086459182767288        9.9494694257757317     
 NP          227         200   3.3999999999999999        2.7000000000000002       0.80387347704457546       0.87445383894714368        48.022222222222233        10.337049540743523        8.2396444379812444       -1.8048290687059882      -0.47779911671913972        9.8153417186045413     
 NP          228         200   3.3999999999999999        2.7999999999999998       0.80305028300519354       0.87445383894714368        48.022222222222247        10.168307427239878        8.2967853905992577       -1.8828990266102379      -0.50670588761996171        9.7514098596555954     
 NP          229         200   3.3999999999999999        2.8999999999999999       0.80205142095211557       0.87445383894714368        48.022222222222240        10.002962170210717        8.3284407927293778       -1.9474350178611073      -0.49388398446941684        9.6796706287148364     
 NP          230         200   3.3999999999999999        3.0000000000000000       0.80142309803426426       0.87445383894714368        48.022222222222233        9.8441202130326833        8.3411815076829896       -2.0240868362012865      -0.49217183637453460        9.6381608559992014     
 NP          231         200   3.3999999999999999        3.1000000000000001       0.80115615454076927       0.87445383894714368        48.022222222222226        9.6673428191560085        8.2861376215152927       -2.0800847788879313      -0.45109714850131843        9.6404989451564713     
 NP          232         200   3.3999999999999999        3.2000000000000002       0.80188225489402143       0.87445383894714368        48.022222222222233        9.4850981822928961        8.1100958551653459       -2.1497922592801402      -0.38242644203323961        9.7380926273561723     
 NP          233         200   3.3999999999999999        3.2999999999999998       0.80267448218926707       0.87445383894714368        48.022222222222233        9.2944533035585462        7.8789896360115392       -2.2061074072207445      -0.29565689111128307        9.8748427745535423     
 NP          234         200   3.3999999999999999        3.3999999999999999       0.80423020825047142       0.87445383894714368        48.022222222222233        9.0947016650688628        7.6499562502912255       -2.2654828397822695      -0.24846098190110724        10.062600566317784     
 NP          235         200   3.3999999999999999        3.5000000000000000       0.80569936825387334       0.87445383894714368        48.022222222222240        8.8926346208232374        7.3854082840130832       -2.3338263314076477      -0.17985672478610140        10.259995612847293     
 NP          236         200   3.3999999999999999        3.6000000000000001       0.80756451942129048       0.87445383894714368        48.022222222222247        8.6789323548147372        7.1429327942503562       -2.3987236511725070      -0.17444679621251302        10.503456802943395     
 NP          237         200   3.3999999999999999        3.7000000000000002       0.80939417089204668       0.87445383894714368        48.022222222222233        8.4550480077200998        6.9089082630308818       -2.4541159929135241      -0.14072867821598778        10.727225075329603     
 NP          238         200   3.3999999999999999        3.7999999999999998       0.81173950777729043       0.87445383894714368        48.022222222222254        8.2349098105033676        6.6454534702777037       -2.4947335353495661      -0.11225558414715707        10.995895767848017     
 NP          239         200   3.3999999999999999        3.8999999999999999       0.81459013073174347       0.87445383894714368        48.022222222222254        8.0089687095525122        6.4180543407954911       -2.5201022987543125      -0.11444103040839568        11.279310527871193     
 NP          240         200   3.3999999999999999        4.0000000000000000       0.81802602017128945       0.87445383894714368        48.022222222222254        7.7611129428194756        6.1493877330159581       -2.5627703067157666      -0.11422029384893594        11.606709993989655     
 NP          241         200   3.3999999999999999        4.0999999999999996       0.82208054382483331       0.87445383894714368        48.022222222222254        7.5084297465904042        5.8797780663388126       -2.5800761079537731       -9.2745477323809986E-002   11.942789203006889     
 NP          242         200   3.3999999999999999        4.2000000000000002       0.82726067573176654       0.87445383894714368        48.022222222222240        7.2081542443573481        5.4941433816294643       -2.6023946923526973       -2.1888140083210928E-002   12.366052090269534     
 NP          243         200   3.3999999999999999        4.2999999999999998       0.83232357545345126       0.87445383894714368        48.022222222222233        6.9223218133411955        5.1703910145744691       -2.6126811529155818        8.0089518370805121E-002   12.717552686945423     
 NP          244         200   3.3999999999999999        4.4000000000000004       0.83817057719795740       0.87445383894714368        48.022222222222240        6.6114619091525864        4.7539155914410083       -2.6451916064008993       0.27190330491215497        13.091097819670896     
 NP          245         200   3.3999999999999999        4.5000000000000000       0.84492438983783968       0.87445383894714368        48.022222222222233        6.2622406710113570        4.2270806097009457       -2.6935187066627719       0.52917547511593155        13.526357917459015     
 NP          246         200   3.3999999999999999        4.5999999999999996       0.85211419513438780       0.87445383894714368        48.022222222222254        5.9019127655892207        3.6505377275063933       -2.7648283629594124       0.86597529183900690        13.949888573120365     
 NP          247         200   3.3999999999999999        4.7000000000000002       0.85979695829596436       0.87445383894714368        48.022222222222268        5.5456981973935209        3.0574765813843774       -2.8246232921118435        1.2554491044191476        14.362272260098498     
 NP          248         200   3.3999999999999999        4.7999999999999998       0.86702975297567564       0.87445383894714368        48.022222222222254        5.1969878647563545        2.4625698574728356       -2.8725955589488472        1.6972903076059129        14.735791939434707     
 NP          249         249   3.3999999999999999        4.9000000000000004       0.87445684042204963       0.87445684042204963        48.022222222222247        4.8472133796572789        1.9092343776816989       -2.9470702379155567        2.0744328047839167        15.122601938135361     
 NP          250         250   3.3999999999999999        5.0000000000000000       0.88101865057179041       0.88101865057179041        48.022222222222247        4.5954873801099430        1.4894506212336054       -2.9804208874449674        2.4551592579155535        15.371894081436366     
 NP          251         250   3.5000000000000000       0.10000000000000001       0.79559057379114217       0.88101865057179041        48.022222222222297        9.4504227872756825       -1.2624045736376841        1.6148861286310012        1.0096561217672426        18.351845849962558     
 NP          252         250   3.5000000000000000       0.20000000000000001       0.79669397214398385       0.88101865057179041        48.022222222222240        9.7722158443688070       0.71883432572499328        1.3895296590518507       0.82168278324739918        16.585189510475459     
 NP          253         250   3.5000000000000000       0.29999999999999999       0.80080259907344375       0.88101865057179041        48.022222222222183        9.8789884652360342        1.4434514486565995        1.3186976496057889        1.4439063140174062        15.414215816062830     
 NP          254         250   3.5000000000000000       0.40000000000000002       0.80263141654193082       0.88101865057179041        48.022222222222190        9.9885972212456213        2.2268331043368499        1.3508492348587224        1.7184790873520048        14.532603087096764     
 NP          255         250   3.5000000000000000       0.50000000000000000       0.80324225525252957       0.88101865057179041        48.022222222222105        10.150994749889273        3.0362591771989673        1.3048250346030155        1.9019106342340879        13.657620328254408     
 NP          256         250   3.5000000000000000       0.59999999999999998       0.80657509562376850       0.88101865057179041        48.022222222222190        10.282131391522572        3.4905975395011275        1.2919129360501891        1.9866373990494739        13.254447696577669     
 NP          257         250   3.5000000000000000       0.69999999999999996       0.80965488941814778       0.88101865057179041        48.022222222222162        10.443357272600828        3.7106260784280130        1.2194245854127879        2.1924758083478308        12.922065550054608     
 NP          258         250   3.5000000000000000       0.80000000000000004       0.81210080826283271       0.88101865057179041        48.022222222222197        10.583593430503932        3.8774936978033336        1.1366153064716114        2.2781756251439038        12.720364313241499     
 NP          259         250   3.5000000000000000       0.90000000000000002       0.81516652454514804       0.88101865057179041        48.022222222222226        10.729136344215934        3.9395248129531790        1.0418471772561884        2.3388070515934820        12.636154486027122     
 NP          260         250   3.5000000000000000        1.0000000000000000       0.81762366814928977       0.88101865057179041        48.022222222222204        10.874461617777742        4.0235455643539844       0.93071303961374185        2.2991187651970635        12.595505831802244     
 NP          261         250   3.5000000000000000        1.1000000000000001       0.82002656044463207       0.88101865057179041        48.022222222222254        11.015392042009109        4.1545777059430824       0.77806669830406971        2.2479402948986920        12.505203509045565     
 NP          262         250   3.5000000000000000        1.2000000000000000       0.82080173340794449       0.88101865057179041        48.022222222222226        11.140123201925419        4.3302758087561388       0.59076441456416817        2.1338696325264186        12.378828410427584     
 NP          263         250   3.5000000000000000        1.3000000000000000       0.82154971448619707       0.88101865057179041        48.022222222222176        11.237646708823943        4.4746315540019959       0.41841360736021949        2.0195575855583141        12.285871395725614     
 NP          264         250   3.5000000000000000        1.3999999999999999       0.82068417647056691       0.88101865057179041        48.022222222222233        11.322638044352257        4.7672450026708573       0.19900452781137337        1.8731445706402781        12.042811264269126     
 NP          265         250   3.5000000000000000        1.5000000000000000       0.81915718481313260       0.88101865057179041        48.022222222222233        11.416584347745069        5.1163224625076733       -9.3440681263715249E-003   1.6994663995219370        11.770574801846527     
 NP          266         250   3.5000000000000000        1.6000000000000001       0.81675694791663445       0.88101865057179041        48.022222222222219        11.455325062486512        5.5081482399622086      -0.23854460275561198        1.4709107126176439        11.474794480724686     
 NP          267         250   3.5000000000000000        1.7000000000000000       0.81446442811409436       0.88101865057179041        48.022222222222219        11.459132600892779        5.9225895490046936      -0.47388000547282111        1.2381714570507276        11.163102662390408     
 NP          268         250   3.5000000000000000        1.8000000000000000       0.81331155788124432       0.88101865057179041        48.022222222222219        11.444253927307555        6.2873975042465684      -0.68014238890995560        1.0256147717769544        10.915966092646975     
 NP          269         250   3.5000000000000000        1.8999999999999999       0.81169524370800372       0.88101865057179041        48.022222222222240        11.376708481418094        6.6362441441114726      -0.85540888588595143       0.82144811099222026        10.676768647945115     
 NP          270         250   3.5000000000000000        2.0000000000000000       0.81072408362897430       0.88101865057179041        48.022222222222226        11.283216122556594        6.9301457441006287       -1.0438417807936937       0.62213264461194273        10.487477955567609     
 NP          271         250   3.5000000000000000        2.1000000000000001       0.80955459934141882       0.88101865057179041        48.022222222222226        11.152185351921146        7.2186424473098389       -1.1821659537268847       0.44047432733201869        10.307341856077056     
 NP          272         250   3.5000000000000000        2.2000000000000002       0.80891201837896110       0.88101865057179041        48.022222222222240        11.015571238493269        7.4969610985492920       -1.3168304101521413       0.26286611556346473        10.150533550520834     
 NP          273         250   3.5000000000000000        2.2999999999999998       0.80745177823939862       0.88101865057179041        48.022222222222226        10.856708360534322        7.6758342647246787       -1.4327509309006603       0.14075073167254759        10.018199671329251     
 NP          274         250   3.5000000000000000        2.3999999999999999       0.80640914797227203       0.88101865057179041        48.022222222222226        10.663409149946611        7.8080485638693569       -1.5422013300883655        4.6769695862228094E-002   9.9169823870302416     
 NP          275         250   3.5000000000000000        2.5000000000000000       0.80504206431778558       0.88101865057179041        48.022222222222204        10.469252283332569        7.9447781641654105       -1.6225115984843896       -1.1570096842159781E-002   9.7936833820497231     
 NP          276         250   3.5000000000000000        2.6000000000000001       0.80341995403222477       0.88101865057179041        48.022222222222233        10.279022291200642        8.0873987497626523       -1.7120035659737027       -5.8826569257865877E-002   9.6519363005381731     
 NP          277         250   3.5000000000000000        2.7000000000000002       0.80244339851613455       0.88101865057179041        48.022222222222226        10.113480461868173        8.1421489212360676       -1.7820864141183599       -8.0767416473905465E-002   9.5841006304252225     
 NP          278         250   3.5000000000000000        2.7999999999999998       0.80167926108105569       0.88101865057179041        48.022222222222240        9.9521876802001525        8.1657130618575184       -1.8471221761793726       -7.4220969478816054E-002   9.5285155666624135     
 NP          279         250   3.5000000000000000        2.8999999999999999       0.80123114142165097       0.88101865057179041        48.022222222222233        9.7787962068446728        8.1410968763815497       -1.9066488102127326       -2.3975744289215336E-002   9.4905335757760927     
 NP          280         250   3.5000000000000000        3.0000000000000000       0.80084160302644281       0.88101865057179041        48.022222222222233        9.6163456691741800        8.0825015296182112       -1.9700196401966501        1.8251292957614029E-002   9.4862950076192902     
 NP          281         250   3.5000000000000000        3.1000000000000001       0.80142462953778448       0.88101865057179041        48.022222222222219        9.4337053708637573        7.8850344268196979       -2.0390098541055317       0.10204265866864100        9.5835397293262545     
 NP          282         250   3.5000000000000000        3.2000000000000002       0.80261084481511247       0.88101865057179041        48.022222222222219        9.2428983528547519        7.6624229629049712       -2.0920676473011541       0.17455922986399977        9.7343602666352176     
 NP          283         250   3.5000000000000000        3.2999999999999998       0.80402852143614312       0.88101865057179041        48.022222222222233        9.0467526109949645        7.4198984298682715       -2.1527422513110230       0.23305280308889290        9.9183348246875518     
 NP          284         250   3.5000000000000000        3.3999999999999999       0.80565025604961282       0.88101865057179041        48.022222222222247        8.8452171904477233        7.1628661999426830       -2.2091815656410247       0.28984875497282819        10.125366655529387     
 NP          285         250   3.5000000000000000        3.5000000000000000       0.80742828420351331       0.88101865057179041        48.022222222222233        8.6243472899635414        6.9209016267902603       -2.2727762719019222       0.31183208850709687        10.355780888479439     
 NP          286         250   3.5000000000000000        3.6000000000000001       0.80963556843668272       0.88101865057179041        48.022222222222240        8.4122047752068561        6.6639685879320503       -2.3439426257089355       0.32796307739518499        10.611317222562413     
 NP          287         250   3.5000000000000000        3.7000000000000002       0.81182185210891811       0.88101865057179041        48.022222222222254        8.1934181475183969        6.4311975747416028       -2.3752359752363383       0.35068557908141773        10.859653927231394     
 NP          288         250   3.5000000000000000        3.7999999999999998       0.81442499672478108       0.88101865057179041        48.022222222222247        7.9642206170075092        6.1943977355736450       -2.4265428705369385       0.32128000851626087        11.158253666790962     
 NP          289         250   3.5000000000000000        3.8999999999999999       0.81799672415417102       0.88101865057179041        48.022222222222233        7.7172117366440380        5.9526356029099290       -2.4643931627134825       0.29125295364890375        11.493106835111709     
 NP          290         250   3.5000000000000000        4.0000000000000000       0.82221347980364112       0.88101865057179041        48.022222222222254        7.4595135703620210        5.6782321777811173       -2.4885042552437371       0.30244291750260655        11.843531679577868     
 NP          291         250   3.5000000000000000        4.0999999999999996       0.82644645554613549       0.88101865057179041        48.022222222222254        7.1934833486934462        5.3625286573080384       -2.5103903636820792       0.35712451524448319        12.196290161924741     
 NP          292         250   3.5000000000000000        4.2000000000000002       0.83218456901694493       0.88101865057179041        48.022222222222254        6.8885003468787449        4.9906416124283197       -2.5251388034110893       0.46693004858529691        12.594830638764909     
 NP          293         250   3.5000000000000000        4.2999999999999998       0.83808289639761147       0.88101865057179041        48.022222222222240        6.5926116968709696        4.5902543058166430       -2.5605790026307806       0.61333117423294647        12.982016193743060     
 NP          294         250   3.5000000000000000        4.4000000000000004       0.84515808633132616       0.88101865057179041        48.022222222222247        6.2383355887062946        4.0538890791337732       -2.6113452803167010       0.86202014442728925        13.432384128284207     
 NP          295         250   3.5000000000000000        4.5000000000000000       0.85242670466290582       0.88101865057179041        48.022222222222240        5.8808603122354279        3.4774242009229912       -2.6752850750316588        1.2100913765351249        13.842920291942818     
 NP          296         250   3.5000000000000000        4.5999999999999996       0.85976466225868142       0.88101865057179041        48.022222222222233        5.5253414047736999        2.8810922706523558       -2.7509211986067430        1.5664871924443358        14.262018387735271     
 NP          297         250   3.5000000000000000        4.7000000000000002       0.86670253264511943       0.88101865057179041        48.022222222222261        5.2158235405271949        2.3083732277389055       -2.8350073189254963        1.9707069156871171        14.607612708615610     
 NP          298         250   3.5000000000000000        4.7999999999999998       0.87427824526046971       0.88101865057179041        48.022222222222283        4.8938955842291749        1.7600911942757267       -2.8799251299124431        2.4147711652077919        14.935472131815544     
 NP          299         299   3.5000000000000000        4.9000000000000004       0.88115280032664089       0.88115280032664089        48.022222222222283        4.5938099316094485        1.2702901647521112       -2.9399878823174568        2.7931570450707621        15.245073056288003     
 NP          300         300   3.5000000000000000        5.0000000000000000       0.88783440441921913       0.88783440441921913        48.022222222222261        4.3290572443234394       0.80031396415423306       -2.9633050837038977        3.1939034090615408        15.519023020132670     

  End calculation

       Max-R2, r/Dr pair and coefficients
Max R2  0.8878  3.5  5.0          0.48022E+02       0.43291E+01       0.80031E+00      -0.29633E+01       0.31939E+01       0.15519E+02

  Systems fitted & Id of skipped system          18

  Input data

  Experimental data
  0.1520E+02  0.1740E+02  0.1900E+02  0.2110E+02  0.2370E+02  0.2450E+02  0.4000E+02  0.4640E+02
  0.5310E+02  0.5630E+02  0.5750E+02  0.6260E+02  0.6320E+02  0.6630E+02  0.7100E+02  0.7200E+02
  0.7400E+02  0.8110E+02

  Electronic  Descriptor            1
 -0.1507E+00 -0.1386E+00 -0.1244E+00 -0.3108E+00 -0.1296E+00 -0.1303E+00 -0.1453E+00 -0.1239E+00
 -0.1323E+00 -0.1389E+00 -0.1265E+00 -0.1157E+00 -0.1251E+00 -0.1152E+00 -0.1162E+00 -0.1148E+00
 -0.1143E+00 -0.1135E+00

  Electronic  Descriptor            2
 -0.6159E+00 -0.6331E+00 -0.6455E+00 -0.4574E+00 -0.4598E+00 -0.6351E+00 -0.4587E+00 -0.4669E+00
 -0.4838E+00 -0.5041E+00 -0.4677E+00 -0.4527E+00 -0.4748E+00 -0.4556E+00 -0.4639E+00 -0.4569E+00
 -0.4586E+00 -0.4615E+00

  Electronic  Descriptor            3
 -0.7362E+00 -0.7375E+00 -0.7239E+00 -0.7380E+00 -0.7378E+00 -0.7368E+00 -0.7329E+00 -0.7385E+00
 -0.7396E+00 -0.7469E+00 -0.7361E+00 -0.7394E+00 -0.7389E+00 -0.7365E+00 -0.7347E+00 -0.7376E+00
 -0.7385E+00 -0.7393E+00

  Steric Descriptor            1
  0.3144E+02  0.3175E+02  0.3143E+02  0.3281E+02  0.3312E+02  0.3151E+02  0.3298E+02  0.3322E+02
  0.3399E+02  0.3354E+02  0.3279E+02  0.3310E+02  0.3361E+02  0.3271E+02  0.3312E+02  0.3321E+02
  0.3350E+02  0.3336E+02

  Steric Descriptor            2
  0.7300E+01  0.6970E+01  0.8270E+01  0.7880E+01  0.7630E+01  0.6780E+01  0.9860E+01  0.9850E+01
  0.8320E+01  0.9770E+01  0.9670E+01  0.1012E+02  0.1097E+02  0.1086E+02  0.9840E+01  0.1073E+02
  0.1087E+02  0.1130E+02


  Normalized Experimental data
 15.2000 17.4000 19.0000 21.1000 23.7000 24.5000 40.0000 46.4000 53.1000 56.3000
 57.5000 62.6000 63.2000 66.3000 71.0000 72.0000 74.0000 81.1000

  Normalized electronic descriptor            1
 -0.3067 -0.0354  0.2807 -3.8806  0.1646  0.1508 -0.1850  0.2919  0.1057 -0.0421
  0.2343  0.4767  0.2655  0.4874  0.4640  0.4964  0.5075  0.5245
  Normalized electronic descriptor            2
 -1.5605 -1.7974 -1.9692  0.6286  0.5945 -1.8254  0.6106  0.4969  0.2630 -0.0172
  0.4863  0.6929  0.3881  0.6526  0.5379  0.6344  0.6120  0.5720
  Normalized electronic descriptor            3
  0.2238 -0.0753  3.0530 -0.1949 -0.1397  0.0765  0.9920 -0.3076 -0.5629 -2.2352
  0.2491 -0.5077 -0.3950  0.1479  0.5711 -0.1029 -0.2961 -0.4962

  Normalized steric descriptor            1
 -1.7811 -1.3878 -1.7938 -0.0430  0.3503 -1.6923  0.1727  0.4772  1.4541  0.8831
 -0.0684  0.3249  0.9720 -0.1699  0.3503  0.4645  0.8324  0.6548
  Normalized steric descriptor            2
 -1.3179 -1.5378 -0.6713 -0.9313 -1.0979 -1.6645  0.3884  0.3818 -0.6380  0.3284
  0.2618  0.5617  1.1283  1.0550  0.3751  0.9683  1.0616  1.3482


  Averages and Standard deviations
  Experimental data     0.0000    1.0000
  Elec. Descrip.   1   -0.1370    0.0448
  Elec. Descrip.   2   -0.5029    0.0724
  Elec. Descrip.   3   -0.7372    0.0043
  Steric Descrip.  1   32.8439    0.7882
  Steric Descrip.  2    9.2772    1.5003
  Fitted - Experim.    96.0444   99.1165

              Normalized  Data                  Input  Data           Grubbs 
     N    Experim.  Fitted     Error    Experim.  Fitted     Error     Test  
Fit      1    15.200    18.642     3.442    15.200    18.642     3.442    -0.035
Fit      2    17.400    18.356     0.956    17.400    18.356     0.956    -0.010
Fit      3    19.000    22.467     3.467    19.000    22.467     3.467    -0.035
Fit      4    21.100    17.713    -3.387    21.100    17.713    -3.387     0.034
Fit      5    23.700    33.705    10.005    23.700    33.705    10.005    -0.101
Fit      6    24.500    15.752    -8.748    24.500    15.752    -8.748     0.088
Fit      7    40.000    51.350    11.350    40.000    51.350    11.350    -0.115
Fit      8    46.400    58.044    11.644    46.400    58.044    11.644    -0.117
Fit      9    53.100    45.101    -7.999    53.100    45.101    -7.999     0.081
Fit     10    56.300    62.367     6.067    56.300    62.367     6.067    -0.061
Fit     11    57.500    52.532    -4.968    57.500    52.532    -4.968     0.050
Fit     12    62.600    61.900    -0.700    62.600    61.900    -0.700     0.007
Fit     13    63.200    71.267     8.067    63.200    71.267     8.067    -0.081
Fit     14    66.300    66.046    -0.254    66.300    66.046    -0.254     0.003
Fit     15    71.000    55.709   -15.291    71.000    55.709   -15.291     0.154
Fit     16    72.000    67.494    -4.506    72.000    67.494    -4.506     0.045
Fit     17    74.000    70.720    -3.280    74.000    70.720    -3.280     0.033
Fit     18    81.100    75.235    -5.865    81.100    75.235    -5.865     0.059

              Normalized  Data                  Input  Data
     N    Experim.  Fitted     Error    Experim.  Fitted     Error
  1   Carbamate        0.15200E+02    0.18642E+02    0.34421E+01    0.15200E+02    0.18642E+02    0.34421E+01  Fit
  2   CE01-2623        0.17400E+02    0.18356E+02    0.95562E+00    0.17400E+02    0.18356E+02    0.95562E+00  Fit
  3   CE02-2617        0.19000E+02    0.22467E+02    0.34667E+01    0.19000E+02    0.22467E+02    0.34667E+01  Fit
  4   CE03-2627s       0.21100E+02    0.17713E+02   -0.33865E+01    0.21100E+02    0.17713E+02   -0.33865E+01  Fit
  5   CE04-2647        0.23700E+02    0.33705E+02    0.10005E+02    0.23700E+02    0.33705E+02    0.10005E+02  Fit
  6   CE05-2621        0.24500E+02    0.15752E+02   -0.87485E+01    0.24500E+02    0.15752E+02   -0.87485E+01  Fit
  7   CE06-2614        0.40000E+02    0.51350E+02    0.11350E+02    0.40000E+02    0.51350E+02    0.11350E+02  Fit
  8   CE07-C6          0.46400E+02    0.58044E+02    0.11644E+02    0.46400E+02    0.58044E+02    0.11644E+02  Fit
  9   CE08-2651        0.53100E+02    0.45101E+02   -0.79989E+01    0.53100E+02    0.45101E+02   -0.79989E+01  Fit
 10   CE09-2615        0.56300E+02    0.62367E+02    0.60675E+01    0.56300E+02    0.62367E+02    0.60675E+01  Fit
 11   CE10-2642        0.57500E+02    0.52532E+02   -0.49681E+01    0.57500E+02    0.52532E+02   -0.49681E+01  Fit
 12   CE11-2625        0.62600E+02    0.61900E+02   -0.69979E+00    0.62600E+02    0.61900E+02   -0.69979E+00  Fit
 13   CE12-2633s       0.63200E+02    0.71267E+02    0.80668E+01    0.63200E+02    0.71267E+02    0.80668E+01  Fit
 14   CE13-2650        0.66300E+02    0.66046E+02   -0.25422E+00    0.66300E+02    0.66046E+02   -0.25422E+00  Fit
 15   CE14-2668s       0.71000E+02    0.55709E+02   -0.15291E+02    0.71000E+02    0.55709E+02   -0.15291E+02  Fit
 16   CE15-2634s       0.72000E+02    0.67494E+02   -0.45058E+01    0.72000E+02    0.67494E+02   -0.45058E+01  Fit
 17   CE16-10s         0.74000E+02    0.70720E+02   -0.32796E+01    0.74000E+02    0.70720E+02   -0.32796E+01  Fit
 18   CE17-11s         0.81100E+02    0.75235E+02   -0.58647E+01    0.81100E+02    0.75235E+02   -0.58647E+01  Fit
   Normal termination
