   ISh000             1           5
   ISh111             1           6
 
 cccccccccccccccccccccccccccccccccccccccccccccccccccccc
 c                                                    c
 c  MLR program V 1.0                                 c
 c                                                    c
 c  Release 2020-05-13                                c
 c                                                    c
 c  Zhen Cao and Luigi Cavallo                        c
 c                                                    c
 cccccccccccccccccccccccccccccccccccccccccccccccccccccc
 
  Input File : test.matrix                                                                                         
  System     : test MC code                                                                                                                                                                                            
 
  Number of systems                :           18
  Number of Steric descriptors     :            2
  Number of Electronic descriptors :            3
  Number of system to be skipped   :            0
  Normalization Flag               :            3 
  Normalize descritpors, LOO systems included
  MLR forced through origin yes/no = 0/1  :            1
 
 NP            1           1   3.00000000000000       0.100000000000000     
  0.726702924813273       0.726702924813273        48.0222222222222     
   10.7260950153256        13.3280930312539       -2.39233787360149     
  0.998483911182494        1.04881145705039     
 NP            2           2   3.00000000000000       0.200000000000000     
  0.729770155752272       0.729770155752272        48.0222222222222     
   10.4916588495337        8.32420527030499       -2.76306829056572     
 -0.444882580293117        7.03537552982727     
 NP            3           3   3.00000000000000       0.300000000000000     
  0.740406969839094       0.740406969839094        48.0222222222222     
   10.2503514601156        2.67433318408149       -2.82761711322128     
  -1.90353493690713        13.8471022792863     
 NP            4           4   3.00000000000000       0.400000000000000     
  0.748071355218411       0.748071355218411        48.0222222222222     
   9.97352558227980      -0.408349944472610       -2.28374514554080     
  -2.27909386674671        17.4879737469323     
 NP            5           5   3.00000000000000       0.500000000000000     
  0.764331829395560       0.764331829395560        48.0222222222222     
   9.74760134598362       -4.26956267523017       -1.39769066921645     
  -2.53297284923790        22.0400825892800     
 NP            6           6   3.00000000000000       0.600000000000000     
  0.777392701723206       0.777392701723206        48.0222222222224     
   9.54032419335175       -5.64548107905590      -0.431791128809898     
  -2.01871639557622        23.5997466279726     
 NP            7           7   3.00000000000000       0.700000000000000     
  0.787007657888201       0.787007657888201        48.0222222222222     
   9.60091843442196       -4.88796643074906       0.181869425472141     
  -1.58932650093075        22.9628344360301     
 NP            8           8   3.00000000000000       0.800000000000000     
  0.794613135469774       0.794613135469774        48.0222222222222     
   9.64669418693602       -3.63552698174775       0.634290277853115     
 -0.849715119032062        21.5457106120349     
 NP            9           9   3.00000000000000       0.900000000000000     
  0.799816374644491       0.799816374644491        48.0222222222223     
   9.79163787344829       -2.09290396707618       0.890966638864863     
 -0.355067942510691        19.9317907309670     
 NP           10          10   3.00000000000000        1.00000000000000     
  0.803041157623164       0.803041157623164        48.0222222222222     
   9.98439893742026      -0.527729350114434        1.01757243745690     
 -2.308331457664136E-003   18.3354469909405     
 NP           11          11   3.00000000000000        1.10000000000000     
  0.806744549803388       0.806744549803388        48.0222222222223     
   10.1258455595135       0.585760139762846        1.10733040692759     
  0.290960334351633        17.2118877096142     
 NP           12          12   3.00000000000000        1.20000000000000     
  0.809509972070691       0.809509972070691        48.0222222222222     
   10.2946404323461        1.44775379576870        1.10167969677612     
  0.586746454708908        16.2698644969150     
 NP           13          13   3.00000000000000        1.30000000000000     
  0.812165610611813       0.812165610611813        48.0222222222222     
   10.4872661083635        2.10127571522391        1.05656274481290     
  0.784953864785553        15.5746723877986     
 NP           14          14   3.00000000000000        1.40000000000000     
  0.815607946280495       0.815607946280495        48.0222222222222     
   10.6320589253647        2.45256918863798        1.01295939854532     
  0.947383441988695        15.1944400304344     
 NP           15          15   3.00000000000000        1.50000000000000     
  0.818197822586407       0.818197822586407        48.0222222222222     
   10.7780643587493        2.80787799167218       0.922945553631936     
   1.05111309385292        14.8182055884521     
 NP           16          16   3.00000000000000        1.60000000000000     
  0.819777220375010       0.819777220375010        48.0222222222222     
   10.9245116309067        3.18250002221071       0.804338872078094     
   1.13404105411142        14.4136165992669     
 NP           17          17   3.00000000000000        1.70000000000000     
  0.821068676811241       0.821068676811241        48.0222222222222     
   11.0734674339224        3.49979000646155       0.632598014558546     
   1.11235342593784        14.0984317762695     
 NP           18          18   3.00000000000000        1.80000000000000     
  0.821256913717201       0.821256913717201        48.0222222222221     
   11.1653385584649        3.84209113081575       0.437646150187444     
   1.08345087099911        13.7365100274202     
 NP           19          18   3.00000000000000        1.90000000000000     
  0.820588803611174       0.821256913717201        48.0222222222222     
   11.2793132948987        4.19668452003688       0.229309055116494     
   1.02884189928100        13.3634326070725     
 NP           20          18   3.00000000000000        2.00000000000000     
  0.819294011990451       0.821256913717201        48.0222222222222     
   11.3683039342919        4.61573275215583       2.583967116199756E-002
  0.932521332934004        12.9550529490638     
 NP           21          18   3.00000000000000        2.10000000000000     
  0.816765919036324       0.821256913717201        48.0222222222222     
   11.4194445835326        5.09013260724495      -0.217245932216167     
  0.785314670390057        12.4892127230175     
 NP           22          18   3.00000000000000        2.20000000000000     
  0.814819086386999       0.821256913717201        48.0222222222222     
   11.4369023247361        5.53114925021424      -0.467177531740190     
  0.618582251973825        12.0723458130684     
 NP           23          18   3.00000000000000        2.30000000000000     
  0.813256938224161       0.821256913717201        48.0222222222222     
   11.4250513412701        5.97167921829373      -0.677451943189432     
  0.473162568316831        11.6715418675512     
 NP           24          18   3.00000000000000        2.40000000000000     
  0.811642297099589       0.821256913717201        48.0222222222222     
   11.3558878840614        6.33682172750186      -0.877455351714935     
  0.328227109643976        11.3345902019071     
 NP           25          18   3.00000000000000        2.50000000000000     
  0.810908642633658       0.821256913717201        48.0222222222222     
   11.2675800879287        6.60372653358360       -1.05201817748077     
  0.189075273060065        11.1063624393917     
 NP           26          18   3.00000000000000        2.60000000000000     
  0.809840713705011       0.821256913717201        48.0222222222222     
   11.1478257640856        6.89585005199111       -1.21434338895255     
  5.234403221322861E-002   10.8566932022550     
 NP           27          18   3.00000000000000        2.70000000000000     
  0.809118232567396       0.821256913717201        48.0222222222222     
   11.0160725150759        7.15366230478419       -1.35280196935923     
 -6.701557812757786E-002   10.6458615638996     
 NP           28          18   3.00000000000000        2.80000000000000     
  0.807701834192776       0.821256913717201        48.0222222222222     
   10.8516377387041        7.35170362450198       -1.48645759243486     
 -0.141814450398073        10.4434615611568     
 NP           29          18   3.00000000000000        2.90000000000000     
  0.806531533149769       0.821256913717201        48.0222222222222     
   10.6770701653946        7.50288570534606       -1.59970538766407     
 -0.240998850386241        10.3110657634769     
 NP           30          18   3.00000000000000        3.00000000000000     
  0.805118429212396       0.821256913717201        48.0222222222222     
   10.4845062904906        7.66196171054041       -1.70469558238311     
 -0.316514193537929        10.1603800328528     
 NP           31          18   3.00000000000000        3.10000000000000     
  0.803400751341607       0.821256913717201        48.0222222222222     
   10.3198174923279        7.83683544207644       -1.79482886131674     
 -0.382985872689130        9.99413819175379     
 NP           32          18   3.00000000000000        3.20000000000000     
  0.802936264380984       0.821256913717201        48.0222222222222     
   10.1452548641093        7.88970920977253       -1.87261763627889     
 -0.403379756454578        9.93358550243039     
 NP           33          18   3.00000000000000        3.30000000000000     
  0.802196178385683       0.821256913717201        48.0222222222222     
   9.98369515187666        7.94976342741635       -1.95016713182891     
 -0.408539341827050        9.85406143930828     
 NP           34          18   3.00000000000000        3.40000000000000     
  0.801488948598369       0.821256913717201        48.0222222222222     
   9.83353030535268        7.97341168288349       -2.02475360433302     
 -0.410941466573322        9.80467081778402     
 NP           35          18   3.00000000000000        3.50000000000000     
  0.801464647278479       0.821256913717201        48.0222222222222     
   9.66293914525374        7.93138636409125       -2.10123768211848     
 -0.404311000585479        9.82151158183371     
 NP           36          18   3.00000000000000        3.60000000000000     
  0.802023532785034       0.821256913717201        48.0222222222222     
   9.48391353045035        7.79122041778090       -2.16065935598120     
 -0.359438882077512        9.91456311877643     
 NP           37          18   3.00000000000000        3.70000000000000     
  0.802544865552755       0.821256913717201        48.0222222222222     
   9.29013438518306        7.62300416961391       -2.22114846379521     
 -0.307145775896411        10.0285502379808     
 NP           38          18   3.00000000000000        3.80000000000000     
  0.804182036201822       0.821256913717201        48.0222222222222     
   9.09616743965710        7.40664583370961       -2.29548516565194     
 -0.295391227245236        10.2308661456012     
 NP           39          18   3.00000000000000        3.90000000000000     
  0.805784784298647       0.821256913717201        48.0222222222222     
   8.88565476743778        7.16717072564494       -2.35292584126348     
 -0.245531614247553        10.4383878548157     
 NP           40          18   3.00000000000000        4.00000000000000     
  0.807615726521441       0.821256913717201        48.0222222222222     
   8.67714047316391        6.93961292447519       -2.42377716810130     
 -0.247102126391468        10.6721684804277     
 NP           41          18   3.00000000000000        4.10000000000000     
  0.809788113484441       0.821256913717201        48.0222222222222     
   8.46580290166589        6.70434692026533       -2.50388146913418     
 -0.251287626244234        10.9219004993745     
 NP           42          18   3.00000000000000        4.20000000000000     
  0.812169211800841       0.821256913717201        48.0222222222222     
   8.24247121994027        6.45926647941794       -2.54572011156724     
 -0.251824145357011        11.1990095237524     
 NP           43          18   3.00000000000000        4.30000000000000     
  0.814694808901224       0.821256913717201        48.0222222222222     
   8.02089299446093        6.25111420334441       -2.57701731466909     
 -0.272878896751894        11.4685999750072     
 NP           44          18   3.00000000000000        4.40000000000000     
  0.818035858350014       0.821256913717201        48.0222222222222     
   7.78242376651230        6.00912059007095       -2.61953695026998     
 -0.283246826662697        11.7775792130360     
 NP           45          45   3.00000000000000        4.50000000000000     
  0.822261727031433       0.822261727031433        48.0222222222222     
   7.52564095749670        5.72878779286951       -2.66106686384621     
 -0.303934144410396        12.1469343826786     
 NP           46          46   3.00000000000000        4.60000000000000     
  0.827113508017521       0.827113508017521        48.0222222222222     
   7.23733351480826        5.42340016861721       -2.67944861554664     
 -0.248697533394440        12.5182482084743     
 NP           47          47   3.00000000000000        4.70000000000000     
  0.832307000766519       0.832307000766519        48.0222222222222     
   6.94241163646535        5.08769114613938       -2.69185729203143     
 -0.169446772186792        12.9090918438897     
 NP           48          48   3.00000000000000        4.80000000000000     
  0.838444872345104       0.838444872345104        48.0222222222222     
   6.62486586573916        4.74240744413998       -2.71778166703196     
 -6.325341368865726E-002   13.3123715316108     
 NP           49          49   3.00000000000000        4.90000000000000     
  0.845396675891431       0.845396675891431        48.0222222222222     
   6.28207529193215        4.30100029810174       -2.77628191789297     
  0.107024470835870        13.7642664143589     
 NP           50          50   3.00000000000000        5.00000000000000     
  0.852026580999118       0.852026580999118        48.0222222222222     
   5.94296517030355        3.87335101423746       -2.84917356396083     
  0.330779500198278        14.1650485362959     
 NP           51          50   3.10000000000000       0.100000000000000     
  0.737045626344579       0.852026580999118        48.0222222222222     
   10.0205463096266        3.07816173836861       -2.45968290463313     
  -1.98871743519689        13.7259677576192     
 NP           52          50   3.10000000000000       0.200000000000000     
  0.752203744314830       0.852026580999118        48.0222222222223     
   9.97559004681512      -0.538522333916524       -2.22852968070756     
  -2.93467524630118        18.3357585246801     
 NP           53          50   3.10000000000000       0.300000000000000     
  0.757120524644211       0.852026580999118        48.0222222222224     
   9.76258111966693       -2.09043776759645       -1.55710787400835     
  -2.81981494140976        20.1248599924348     
 NP           54          50   3.10000000000000       0.400000000000000     
  0.773682421724927       0.852026580999118        48.0222222222223     
   9.62299366971333       -4.84964078961318      -0.571348739105048     
  -2.60015837039766        23.2807374169776     
 NP           55          50   3.10000000000000       0.500000000000000     
  0.783266966998305       0.852026580999118        48.0222222222221     
   9.49432318108058       -4.97932211188896       0.260384817172806     
  -1.76401448491017        23.2649179116448     
 NP           56          50   3.10000000000000       0.600000000000000     
  0.790935558038474       0.852026580999118        48.0222222222223     
   9.60073776545579       -3.80264746441588       0.690135887204275     
  -1.28269082652765        22.0685375422997     
 NP           57          50   3.10000000000000       0.700000000000000     
  0.796460115480084       0.852026580999118        48.0222222222222     
   9.67151030219608       -2.35026758760749       0.923565081598180     
 -0.542972164104797        20.3111076316750     
 NP           58          50   3.10000000000000       0.800000000000000     
  0.801513745088254       0.852026580999118        48.0222222222222     
   9.80503510742578       -1.18830830453465        1.15731388979734     
 -9.144773586497247E-002   19.0701755394345     
 NP           59          50   3.10000000000000       0.900000000000000     
  0.803133564851520       0.852026580999118        48.0222222222221     
   10.0028844570558       0.363998627516804        1.15077889495423     
  0.247660386020913        17.4051445771221     
 NP           60          50   3.10000000000000        1.00000000000000     
  0.806987060715572       0.852026580999118        48.0222222222222     
   10.1604366987072        1.27573778522742        1.19491549975677     
  0.493265126955529        16.4793354079544     
 NP           61          50   3.10000000000000        1.10000000000000     
  0.809661908430351       0.852026580999118        48.0222222222222     
   10.3138267769883        1.93971112795327        1.18819430002992     
  0.821762832338908        15.6871975324561     
 NP           62          50   3.10000000000000        1.20000000000000     
  0.812442736020653       0.852026580999118        48.0222222222222     
   10.4877109560393        2.47158520104944        1.12026171030225     
  0.974623577986806        15.1210101802194     
 NP           63          50   3.10000000000000        1.30000000000000     
  0.815480494674111       0.852026580999118        48.0222222222222     
   10.6346136516404        2.83138228016746        1.05230774961145     
   1.12526338049029        14.7207430213107     
 NP           64          50   3.10000000000000        1.40000000000000     
  0.817245431232736       0.852026580999118        48.0222222222222     
   10.7957531388921        3.16269450343558       0.908372564391700     
   1.17431806166813        14.3608654717061     
 NP           65          50   3.10000000000000        1.50000000000000     
  0.820096112391108       0.852026580999118        48.0222222222222     
   10.9432306017436        3.40227593443263       0.820456707587297     
   1.23089731240475        14.1287779715318     
 NP           66          50   3.10000000000000        1.60000000000000     
  0.820681640445453       0.852026580999118        48.0222222222222     
   11.0786890295071        3.70124759505175       0.604723215962235     
   1.21610157605695        13.7915913848320     
 NP           67          50   3.10000000000000        1.70000000000000     
  0.821029875094938       0.852026580999118        48.0222222222222     
   11.1861773462643        4.01270614497979       0.431835387295314     
   1.15809655255108        13.4934066974859     
 NP           68          50   3.10000000000000        1.80000000000000     
  0.820500875163048       0.852026580999118        48.0222222222222     
   11.3015238046293        4.34998063289164       0.205447895855740     
   1.08037792587096        13.1477286080072     
 NP           69          50   3.10000000000000        1.90000000000000     
  0.819057356057162       0.852026580999118        48.0222222222222     
   11.3863851683978        4.76686096197693      -1.306384009235831E-002
  0.943430913923426        12.7628591699166     
 NP           70          50   3.10000000000000        2.00000000000000     
  0.816455856939482       0.852026580999118        48.0222222222222     
   11.4504058281341        5.26299537738837      -0.245195381717948     
  0.776248029894887        12.3046449464006     
 NP           71          50   3.10000000000000        2.10000000000000     
  0.814791999841465       0.852026580999118        48.0222222222222     
   11.4465247184766        5.67647946731780      -0.491037400922724     
  0.593265201866487        11.9350928280960     
 NP           72          50   3.10000000000000        2.20000000000000     
  0.813591082289240       0.852026580999118        48.0222222222222     
   11.4479598220329        6.05869894809772      -0.697929215369102     
  0.424745038473540        11.6139129331041     
 NP           73          50   3.10000000000000        2.30000000000000     
  0.812082497307213       0.852026580999118        48.0222222222222     
   11.3860679263435        6.44763430787251      -0.894578524674212     
  0.273335899096400        11.2732683153104     
 NP           74          50   3.10000000000000        2.40000000000000     
  0.810990676661333       0.852026580999118        48.0222222222222     
   11.2924438363654        6.74568959701105       -1.08004656210626     
  0.118093922700659        11.0236218262342     
 NP           75          50   3.10000000000000        2.50000000000000     
  0.810247302182286       0.852026580999118        48.0222222222222     
   11.1794733237810        7.03092367343811       -1.25840178150819     
 -4.482276910204225E-002   10.8034773544843     
 NP           76          50   3.10000000000000        2.60000000000000     
  0.809127084450436       0.852026580999118        48.0222222222222     
   11.0402399380556        7.30209097355847       -1.38415907805884     
 -0.167807860984053        10.5856770241931     
 NP           77          50   3.10000000000000        2.70000000000000     
  0.808223685237985       0.852026580999118        48.0222222222222     
   10.8835339486816        7.48588197546916       -1.50291055098942     
 -0.280235425526184        10.4408033731082     
 NP           78          50   3.10000000000000        2.80000000000000     
  0.806731906009213       0.852026580999118        48.0222222222222     
   10.7041956567957        7.66091992689090       -1.63608187819766     
 -0.375575681829245        10.2755395188979     
 NP           79          50   3.10000000000000        2.90000000000000     
  0.805480517228266       0.852026580999118        48.0222222222222     
   10.5046150304192        7.81551403683378       -1.73697669045481     
 -0.464619021745545        10.1462746412862     
 NP           80          50   3.10000000000000        3.00000000000000     
  0.803821161929588       0.852026580999118        48.0222222222222     
   10.3383800712404        7.97656982635164       -1.83094168364695     
 -0.519090782087882        9.98580804192685     
 NP           81          50   3.10000000000000        3.10000000000000     
  0.803083634485322       0.852026580999118        48.0222222222222     
   10.1727299474579        8.05991889115836       -1.89897164895893     
 -0.559270473410893        9.91242896623311     
 NP           82          50   3.10000000000000        3.20000000000000     
  0.802102427410047       0.852026580999118        48.0222222222222     
   10.0011264408591        8.10694095041313       -1.97976016393145     
 -0.559443651167304        9.83312671892076     
 NP           83          50   3.10000000000000        3.30000000000000     
  0.801707988470120       0.852026580999118        48.0222222222222     
   9.84643995398276        8.11404203045665       -2.04234679118748     
 -0.549212624625992        9.80116296133363     
 NP           84          50   3.10000000000000        3.40000000000000     
  0.801568347005715       0.852026580999118        48.0222222222222     
   9.68080603498060        8.06203432516199       -2.12524635671816     
 -0.547003508303194        9.82229570367337     
 NP           85          50   3.10000000000000        3.50000000000000     
  0.802264783924792       0.852026580999118        48.0222222222222     
   9.50318768976212        7.93683723571568       -2.20117033319447     
 -0.513630656029251        9.90713495558620     
 NP           86          50   3.10000000000000        3.60000000000000     
  0.802952304418017       0.852026580999118        48.0222222222222     
   9.30096036600341        7.73606293934395       -2.25828330415977     
 -0.445174827119591        10.0395602475173     
 NP           87          50   3.10000000000000        3.70000000000000     
  0.804206790553697       0.852026580999118        48.0222222222222     
   9.11164093821314        7.53521503966664       -2.31539032761213     
 -0.398170273345306        10.2021458132956     
 NP           88          50   3.10000000000000        3.80000000000000     
  0.806204727887172       0.852026580999118        48.0222222222222     
   8.90762321236711        7.27105084290543       -2.38377487811780     
 -0.358906150560524        10.4378819088229     
 NP           89          50   3.10000000000000        3.90000000000000     
  0.807762198111661       0.852026580999118        48.0222222222222     
   8.70139322791095        7.05165918357747       -2.44463462982021     
 -0.348730297195904        10.6537873258689     
 NP           90          50   3.10000000000000        4.00000000000000     
  0.810058278186068       0.852026580999118        48.0222222222222     
   8.47097797903717        6.80873210472211       -2.52036598783233     
 -0.354422458305082        10.9184008440478     
 NP           91          50   3.10000000000000        4.10000000000000     
  0.812289938515903       0.852026580999118        48.0222222222222     
   8.26807752323128        6.57951057642992       -2.56999248879652     
 -0.345273440926855        11.1665551015494     
 NP           92          50   3.10000000000000        4.20000000000000     
  0.814881205225533       0.852026580999118        48.0222222222222     
   8.03191359938498        6.33953841361177       -2.60352330204899     
 -0.347389283576604        11.4529009426165     
 NP           93          50   3.10000000000000        4.30000000000000     
  0.818174138869829       0.852026580999118        48.0222222222222     
   7.78797473870946        6.08946011177635       -2.63510802459812     
 -0.335995875495614        11.7579784201445     
 NP           94          50   3.10000000000000        4.40000000000000     
  0.822685672917405       0.852026580999118        48.0222222222222     
   7.52309176530570        5.80891705480073       -2.65536101199091     
 -0.345006183213154        12.1353272275234     
 NP           95          50   3.10000000000000        4.50000000000000     
  0.826779601392133       0.852026580999118        48.0222222222223     
   7.26331365526919        5.50966428389777       -2.67818339950633     
 -0.274091235850348        12.4649642712685     
 NP           96          50   3.10000000000000        4.60000000000000     
  0.832274110103848       0.852026580999118        48.0222222222222     
   6.96085029328286        5.17321407008555       -2.68285264285896     
 -0.187897781743771        12.8593135660537     
 NP           97          50   3.10000000000000        4.70000000000000     
  0.838567944980631       0.852026580999118        48.0222222222222     
   6.63655521183698        4.78961859453728       -2.71111214792559     
 -4.283853977841654E-002   13.2671259573219     
 NP           98          50   3.10000000000000        4.80000000000000     
  0.844905019820291       0.852026580999118        48.0222222222222     
   6.29383199084995        4.32896458590451       -2.76125194536918     
  0.170848136558476        13.6908552640984     
 NP           99          50   3.10000000000000        4.90000000000000     
  0.851971877234623       0.852026580999118        48.0222222222222     
   5.93331282152274        3.83255371875899       -2.83893359959729     
  0.422555713922845        14.1312779659601     
 NP          100         100   3.10000000000000        5.00000000000000     
  0.859363788029223       0.859363788029223        48.0222222222222     
   5.57137410944927        3.30978806417669       -2.90944171501573     
  0.747226939158066        14.5579402120180     
 NP          101         100   3.20000000000000       0.100000000000000     
  0.765656837661050       0.859363788029223        48.0222222222223     
   10.1723917547768       -1.03985133497636       -1.98457018796367     
  -3.44780024834536        19.6550216925093     
 NP          102         100   3.20000000000000       0.200000000000000     
  0.764196207819421       0.859363788029223        48.0222222222222     
   9.83510522337149       -2.02063033488914       -1.15288429190256     
  -2.88776117781525        20.5075383491762     
 NP          103         100   3.20000000000000       0.300000000000000     
  0.779953310026064       0.859363788029223        48.0222222222223     
   9.73608349661749       -4.11400971074304      -8.813491707549802E-002
  -2.34700241886972        22.7729962435721     
 NP          104         100   3.20000000000000       0.400000000000000     
  0.787935986211895       0.859363788029223        48.0222222222222     
   9.58590425810182       -4.00865962513493       0.629924353271995     
  -1.40437076522780        22.3512639277608     
 NP          105         100   3.20000000000000       0.500000000000000     
  0.793631763359077       0.859363788029223        48.0222222222221     
   9.65810334402386       -2.62527250685604       0.951737722834943     
 -0.899298447831451        20.8618946891532     
 NP          106         100   3.20000000000000       0.600000000000000     
  0.799277304980426       0.859363788029223        48.0222222222221     
   9.74279030670157       -1.48864037450289        1.11984271683518     
 -0.192976373831579        19.3854767249122     
 NP          107         100   3.20000000000000       0.700000000000000     
  0.802068332910844       0.859363788029223        48.0222222222222     
   9.86202237649528      -0.148010741503461        1.22355619797549     
  0.299209255399432        17.8485730642200     
 NP          108         100   3.20000000000000       0.800000000000000     
  0.802931842979272       0.859363788029223        48.0222222222222     
   10.0628911303450        1.11025552809134        1.22563807026560     
  0.566168834452706        16.5072735660863     
 NP          109         100   3.20000000000000       0.900000000000000     
  0.807156621062062       0.859363788029223        48.0222222222223     
   10.2110070816221        1.90361658130331        1.26298492468396     
  0.780349318108072        15.7189433324834     
 NP          110         100   3.20000000000000        1.00000000000000     
  0.809784102259026       0.859363788029223        48.0222222222222     
   10.3685046898221        2.45182749306943        1.19300866227525     
   1.09925873396579        15.0000854385059     
 NP          111         100   3.20000000000000        1.10000000000000     
  0.812412716012725       0.859363788029223        48.0222222222221     
   10.5211847500608        2.88925351757492        1.11051377253843     
   1.22458738565432        14.5290294999635     
 NP          112         100   3.20000000000000        1.20000000000000     
  0.815596845926975       0.859363788029223        48.0222222222222     
   10.6572926886705        3.14643617497289        1.03994888573818     
   1.35463145340376        14.2341806454295     
 NP          113         100   3.20000000000000        1.30000000000000     
  0.817977925608574       0.859363788029223        48.0222222222222     
   10.8239168074291        3.36689620295033       0.938734089939118     
   1.38960662042738        14.0157029310043     
 NP          114         100   3.20000000000000        1.40000000000000     
  0.820382446685646       0.859363788029223        48.0222222222222     
   10.9781453188733        3.61452295231090       0.822275397797877     
   1.41190912631645        13.7802792113199     
 NP          115         100   3.20000000000000        1.50000000000000     
  0.820820830993740       0.859363788029223        48.0222222222222     
   11.0996136410123        3.85503654190594       0.608946518405465     
   1.39796392480692        13.4927041270144     
 NP          116         100   3.20000000000000        1.60000000000000     
  0.821551317659025       0.859363788029223        48.0222222222222     
   11.2051048000438        4.09556702493583       0.431330864619518     
   1.31959263590447        13.2770143716426     
 NP          117         100   3.20000000000000        1.70000000000000     
  0.820526476225836       0.859363788029223        48.0222222222222     
   11.3045317761069        4.48398058207495       0.211083975782607     
   1.22215096653946        12.8999737231255     
 NP          118         100   3.20000000000000        1.80000000000000     
  0.818991169330033       0.859363788029223        48.0222222222222     
   11.4037072977090        4.91756963631059      -1.365647191036089E-002
   1.07031237974100        12.5150015839374     
 NP          119         100   3.20000000000000        1.90000000000000     
  0.816812560839064       0.859363788029223        48.0222222222222     
   11.4575296160509        5.35814644898224      -0.267279923001328     
  0.847356091683713        12.1459065331372     
 NP          120         100   3.20000000000000        2.00000000000000     
  0.815024454082417       0.859363788029223        48.0222222222222     
   11.4640630915550        5.76990551998136      -0.510049137876746     
  0.656882059939382        11.7909779281777     
 NP          121         100   3.20000000000000        2.10000000000000     
  0.813465786558678       0.859363788029223        48.0222222222222     
   11.4642461008979        6.18950452757274      -0.715153391584104     
  0.468693598762827        11.4538872887555     
 NP          122         100   3.20000000000000        2.20000000000000     
  0.812212133399372       0.859363788029223        48.0222222222222     
   11.3909097121502        6.54405009972858      -0.912485898029864     
  0.294823685216279        11.1672347150974     
 NP          123         100   3.20000000000000        2.30000000000000     
  0.811136270796776       0.859363788029223        48.0222222222222     
   11.3085467430337        6.84993308728400       -1.08838232569244     
  0.119638812784277        10.9368436889557     
 NP          124         100   3.20000000000000        2.40000000000000     
  0.809781165418240       0.859363788029223        48.0222222222222     
   11.1871841190116        7.16977753205295       -1.25025494156902     
 -4.879705082318518E-002   10.6922487517045     
 NP          125         100   3.20000000000000        2.50000000000000     
  0.809322789694457       0.859363788029223        48.0222222222222     
   11.0512408899978        7.41388090885960       -1.39303388615759     
 -0.193608425356628        10.5239863111795     
 NP          126         100   3.20000000000000        2.60000000000000     
  0.808422294417678       0.859363788029223        48.0222222222222     
   10.9013243043176        7.59690028072310       -1.52025680119010     
 -0.319001521535257        10.3895833066389     
 NP          127         100   3.20000000000000        2.70000000000000     
  0.806705232280739       0.859363788029223        48.0222222222222     
   10.7100222839773        7.76714413429157       -1.63676847564221     
 -0.394779223173271        10.2194034749639     
 NP          128         100   3.20000000000000        2.80000000000000     
  0.805215382897929       0.859363788029223        48.0222222222222     
   10.5163427913982        7.95151457374951       -1.73672446122595     
 -0.493504304626072        10.0715673762475     
 NP          129         100   3.20000000000000        2.90000000000000     
  0.803989565769513       0.859363788029223        48.0222222222222     
   10.3389545348585        8.08798103911478       -1.82987736516087     
 -0.555456296927468        9.94876975075518     
 NP          130         100   3.20000000000000        3.00000000000000     
  0.802922236371582       0.859363788029223        48.0222222222222     
   10.1754964415910        8.17906070616987       -1.90466144673661     
 -0.597487388530039        9.86123324127574     
 NP          131         100   3.20000000000000        3.10000000000000     
  0.802182881162286       0.859363788029223        48.0222222222222     
   10.0074623572522        8.22057171505016       -1.97341578788296     
 -0.597678188810774        9.79683830674914     
 NP          132         100   3.20000000000000        3.20000000000000     
  0.801569783359735       0.859363788029223        48.0222222222222     
   9.85424044216164        8.22802411311057       -2.05506697555051     
 -0.595498410716773        9.75694005185530     
 NP          133         100   3.20000000000000        3.30000000000000     
  0.801594026291550       0.859363788029223        48.0222222222222     
   9.68593157923013        8.18148842318600       -2.11998203795330     
 -0.580620807071695        9.77633219316710     
 NP          134         100   3.20000000000000        3.40000000000000     
  0.802166957965845       0.859363788029223        48.0222222222222     
   9.51107739483663        8.03065985419614       -2.20811777838823     
 -0.534876055448307        9.86282111512231     
 NP          135         100   3.20000000000000        3.50000000000000     
  0.802914891262303       0.859363788029223        48.0222222222222     
   9.31058915346498        7.84076460533745       -2.25086745550875     
 -0.451519512487533        9.98065316475386     
 NP          136         100   3.20000000000000        3.60000000000000     
  0.804243591392058       0.859363788029223        48.0222222222222     
   9.11355974662443        7.61527554310938       -2.31653422661685     
 -0.414166480556161        10.1667530857739     
 NP          137         100   3.20000000000000        3.70000000000000     
  0.805511871235532       0.859363788029223        48.0222222222222     
   8.92168793673311        7.38100320145206       -2.37482286472029     
 -0.364157665703046        10.3543636347337     
 NP          138         100   3.20000000000000        3.80000000000000     
  0.807745100719719       0.859363788029223        48.0222222222222     
   8.70111180164958        7.12656065644385       -2.42791796043620     
 -0.335656835280010        10.6054782327633     
 NP          139         100   3.20000000000000        3.90000000000000     
  0.809326568993495       0.859363788029223        48.0222222222222     
   8.48838955464596        6.89803560441661       -2.50914745070309     
 -0.331491330724402        10.8303119763925     
 NP          140         100   3.20000000000000        4.00000000000000     
  0.811734917445820       0.859363788029223        48.0222222222222     
   8.26388407088880        6.66692318601208       -2.54955510303489     
 -0.320688532641650        11.0903131482724     
 NP          141         100   3.20000000000000        4.10000000000000     
  0.814635037150255       0.859363788029223        48.0222222222222     
   8.03299422394173        6.39457973787891       -2.58025647103652     
 -0.310921430942338        11.4000565690298     
 NP          142         100   3.20000000000000        4.20000000000000     
  0.818284505453469       0.859363788029223        48.0222222222223     
   7.78599795714998        6.15555327869672       -2.60271054379882     
 -0.321467660743793        11.7226770590430     
 NP          143         100   3.20000000000000        4.30000000000000     
  0.822296406366750       0.859363788029223        48.0222222222222     
   7.51500918814905        5.84107776721550       -2.62756662553070     
 -0.279308881495780        12.0809959881437     
 NP          144         100   3.20000000000000        4.40000000000000     
  0.827154896831985       0.859363788029223        48.0222222222222     
   7.23210603176449        5.51689522899652       -2.64719061132729     
 -0.212498769939602        12.4532668306573     
 NP          145         100   3.20000000000000        4.50000000000000     
  0.831965544774582       0.859363788029223        48.0222222222222     
   6.94410237257048        5.18789781794264       -2.64974369088893     
 -7.542884914713696E-002   12.7880697717103     
 NP          146         100   3.20000000000000        4.60000000000000     
  0.838185786578398       0.859363788029223        48.0222222222222     
   6.62531272559060        4.78139493994515       -2.69253726401130     
  7.397527462630124E-002   13.1988052204057     
 NP          147         100   3.20000000000000        4.70000000000000     
  0.844863339538321       0.859363788029223        48.0222222222223     
   6.27178633998843        4.27850905505372       -2.74695813279623     
  0.287193849382572        13.6565089057241     
 NP          148         100   3.20000000000000        4.80000000000000     
  0.852034578788112       0.859363788029223        48.0222222222222     
   5.92604435328164        3.76025110926958       -2.79378204292197     
  0.601150273207952        14.0704183290857     
 NP          149         149   3.20000000000000        4.90000000000000     
  0.859979820781833       0.859979820781833        48.0222222222222     
   5.54100099570402        3.18324074990928       -2.87305783640921     
  0.924440626220427        14.5425241177354     
 NP          150         150   3.20000000000000        5.00000000000000     
  0.867052626061866       0.867052626061866        48.0222222222223     
   5.21347233054102        2.67430363818658       -2.93349097659671     
   1.28892233734492        14.9111153785201     
 NP          151         150   3.30000000000000       0.100000000000000     
  0.761932624052947       0.867052626061866        48.0222222222221     
   9.52876994100611       -2.00807207667252      -0.484065282522581     
  -2.37087019151701        20.4503416002086     
 NP          152         150   3.30000000000000       0.200000000000000     
  0.781998757086191       0.867052626061866        48.0222222222223     
   9.61337071195831       -4.03113176656004       0.562335590751582     
  -1.75545048442440        22.6171775955164     
 NP          153         150   3.30000000000000       0.300000000000000     
  0.790601110462672       0.867052626061866        48.0222222222222     
   9.51354927141667       -3.59473044237172        1.13211522506446     
 -0.816055935308320        21.7986940696548     
 NP          154         150   3.30000000000000       0.400000000000000     
  0.793984207430254       0.867052626061866        48.0222222222222     
   9.65484815629153       -1.72526714427586        1.21371535556619     
 -0.416415399995667        19.7843536550632     
 NP          155         150   3.30000000000000       0.500000000000000     
  0.798844278410763       0.867052626061866        48.0222222222222     
   9.74172634711730      -0.529821801134134        1.29871755716079     
  0.339202223844336        18.1543432780209     
 NP          156         150   3.30000000000000       0.600000000000000     
  0.801812731503971       0.867052626061866        48.0222222222223     
   9.87926146412827       0.552319405234142        1.33882304763389     
  0.701723858989261        16.9307789883948     
 NP          157         150   3.30000000000000       0.700000000000000     
  0.803123524434423       0.867052626061866        48.0222222222222     
   10.0785308586345        1.73671150069177        1.29459195339480     
  0.913160709685279        15.6888630069953     
 NP          158         150   3.30000000000000       0.800000000000000     
  0.806794280269158       0.867052626061866        48.0222222222222     
   10.2266636083161        2.43696226963444        1.27885901799191     
   1.12241972972806        14.9552741295480     
 NP          159         150   3.30000000000000       0.900000000000000     
  0.809583142607357       0.867052626061866        48.0222222222222     
   10.3704432202114        2.83626675527787        1.22271814267836     
   1.38639688431119        14.4194965939747     
 NP          160         150   3.30000000000000        1.00000000000000     
  0.812546725110087       0.867052626061866        48.0222222222222     
   10.5374464377080        3.15254270848784        1.16036513187151     
   1.51116707352303        14.0730711392395     
 NP          161         150   3.30000000000000        1.10000000000000     
  0.815349919530089       0.867052626061866        48.0222222222222     
   10.6821650346113        3.38471124704747        1.06275079576994     
   1.61104135417000        13.8020821737863     
 NP          162         150   3.30000000000000        1.20000000000000     
  0.817384473810886       0.867052626061866        48.0222222222222     
   10.8230506266810        3.56926852236898       0.937814171123356     
   1.63430282727642        13.6051093620423     
 NP          163         150   3.30000000000000        1.30000000000000     
  0.819779678679063       0.867052626061866        48.0222222222222     
   10.9754590562408        3.80041519948951       0.822183943708312     
   1.63588640930376        13.4017841646434     
 NP          164         150   3.30000000000000        1.40000000000000     
  0.820780642346575       0.867052626061866        48.0222222222222     
   11.1118353235561        4.02117255736546       0.613937741405361     
   1.58434568124940        13.1749302312887     
 NP          165         150   3.30000000000000        1.50000000000000     
  0.821227068784863       0.867052626061866        48.0222222222222     
   11.2223682539504        4.25281153212144       0.435583182902484     
   1.48955377313532        12.9773679393260     
 NP          166         150   3.30000000000000        1.60000000000000     
  0.820762505138049       0.867052626061866        48.0222222222222     
   11.3261467014768        4.59150937916263       0.193093667010353     
   1.34145129969399        12.6830221375539     
 NP          167         150   3.30000000000000        1.70000000000000     
  0.818884108569436       0.867052626061866        48.0222222222221     
   11.4160365658007        5.02066544678933      -2.870968936898895E-002
   1.17205086525124        12.3146974801651     
 NP          168         150   3.30000000000000        1.80000000000000     
  0.816772361331320       0.867052626061866        48.0222222222222     
   11.4677379874192        5.45391619263880      -0.272198197903622     
  0.942897139896882        11.9703750228589     
 NP          169         150   3.30000000000000        1.90000000000000     
  0.814733661013299       0.867052626061866        48.0222222222222     
   11.4736399983901        5.87510570093860      -0.515238096299971     
  0.742836127822927        11.6162741707562     
 NP          170         150   3.30000000000000        2.00000000000000     
  0.813612747482290       0.867052626061866        48.0222222222222     
   11.4686504433434        6.26291631293880      -0.709532140750900     
  0.552478591119878        11.3273450235163     
 NP          171         150   3.30000000000000        2.10000000000000     
  0.811903378215419       0.867052626061866        48.0222222222222     
   11.4020098810268        6.63804138356360      -0.918155234448523     
  0.357064295138866        11.0309383732409     
 NP          172         150   3.30000000000000        2.20000000000000     
  0.810845671117148       0.867052626061866        48.0222222222222     
   11.3111392470337        6.96457706906016       -1.09938570863247     
  0.160046775794598        10.8033069418952     
 NP          173         150   3.30000000000000        2.30000000000000     
  0.810046347552470       0.867052626061866        48.0222222222222     
   11.1972502003100        7.25455746989870       -1.25511192907673     
 -3.213606142421779E-002   10.6207956518101     
 NP          174         150   3.30000000000000        2.40000000000000     
  0.808871565054700       0.867052626061866        48.0222222222222     
   11.0503304795320        7.51849187353888       -1.39692918409869     
 -0.154647209135303        10.4089889151459     
 NP          175         150   3.30000000000000        2.50000000000000     
  0.807830851691434       0.867052626061866        48.0222222222222     
   10.8966980308718        7.69701899262225       -1.51401405336818     
 -0.280856681520110        10.2831859683796     
 NP          176         150   3.30000000000000        2.60000000000000     
  0.806551482971104       0.867052626061866        48.0222222222222     
   10.7109485163445        7.87222911279820       -1.63665964546746     
 -0.391520986834367        10.1447482608926     
 NP          177         150   3.30000000000000        2.70000000000000     
  0.805264048405125       0.867052626061866        48.0222222222222     
   10.5188413284339        8.01978283144309       -1.72797063171788     
 -0.470196654386512        10.0221867038631     
 NP          178         150   3.30000000000000        2.80000000000000     
  0.803833925254344       0.867052626061866        48.0222222222222     
   10.3346097736601        8.17951698514514       -1.81827283283510     
 -0.533115943731762        9.88051967187654     
 NP          179         150   3.30000000000000        2.90000000000000     
  0.802802090097646       0.867052626061866        48.0222222222222     
   10.1744222088966        8.25316533872843       -1.89080884436970     
 -0.568685280119058        9.80437724863131     
 NP          180         150   3.30000000000000        3.00000000000000     
  0.802067206326557       0.867052626061866        48.0222222222222     
   10.0079071046057        8.29996536070113       -1.96963705265675     
 -0.578380048462683        9.73906571616364     
 NP          181         150   3.30000000000000        3.10000000000000     
  0.801570034203769       0.867052626061866        48.0222222222222     
   9.84283886601834        8.29572226412352       -2.02796353005744     
 -0.549053423980614        9.70141284956405     
 NP          182         150   3.30000000000000        3.20000000000000     
  0.801391361187890       0.867052626061866        48.0222222222222     
   9.68112448312421        8.24881341468982       -2.10612073029541     
 -0.538060782967064        9.71267559577009     
 NP          183         150   3.30000000000000        3.30000000000000     
  0.801658747054771       0.867052626061866        48.0222222222222     
   9.49819072583514        8.08806520880549       -2.16610109840786     
 -0.460142380359064        9.78559513085414     
 NP          184         150   3.30000000000000        3.40000000000000     
  0.802885312377893       0.867052626061866        48.0222222222222     
   9.30802939792851        7.86259107803413       -2.22604638069629     
 -0.390979100296810        9.94272589947724     
 NP          185         150   3.30000000000000        3.50000000000000     
  0.804373937448795       0.867052626061866        48.0222222222222     
   9.10501994757763        7.61421825839979       -2.28360630028223     
 -0.336343894529550        10.1403529422457     
 NP          186         150   3.30000000000000        3.60000000000000     
  0.805682163464941       0.867052626061866        48.0222222222222     
   8.89845990626971        7.38315140942386       -2.34762277627099     
 -0.273477829698069        10.3166192845383     
 NP          187         150   3.30000000000000        3.70000000000000     
  0.807624921296098       0.867052626061866        48.0222222222222     
   8.68039649528449        7.14479672975711       -2.41616426360114     
 -0.267087205213135        10.5580216741194     
 NP          188         150   3.30000000000000        3.80000000000000     
  0.809830159801914       0.867052626061866        48.0222222222222     
   8.47201447462103        6.88801127817088       -2.47874146465785     
 -0.242508009920536        10.8096970360389     
 NP          189         150   3.30000000000000        3.90000000000000     
  0.811857079128022       0.867052626061866        48.0222222222222     
   8.24411221296466        6.65284058507277       -2.51070663894406     
 -0.213781750619102        11.0543142885474     
 NP          190         150   3.30000000000000        4.00000000000000     
  0.814689327085994       0.867052626061866        48.0222222222222     
   8.01521352790058        6.39880892780640       -2.54012402228794     
 -0.185620806465370        11.3353318018913     
 NP          191         150   3.30000000000000        4.10000000000000     
  0.817849099894668       0.867052626061866        48.0222222222222     
   7.76954472668573        6.16057314200980       -2.58499607685754     
 -0.189780653521426        11.6354029619444     
 NP          192         150   3.30000000000000        4.20000000000000     
  0.821764288300659       0.867052626061866        48.0222222222222     
   7.52046910613303        5.87348498931007       -2.59642085105962     
 -0.161091300030726        11.9780757688420     
 NP          193         150   3.30000000000000        4.30000000000000     
  0.826770839210443       0.867052626061866        48.0222222222222     
   7.23066820992990        5.52190511667663       -2.60332405062541     
 -7.819428887692800E-002   12.3671972553953     
 NP          194         150   3.30000000000000        4.40000000000000     
  0.832262107543989       0.867052626061866        48.0222222222223     
   6.93227270644318        5.13879020137442       -2.62757047228316     
  3.751446336817228E-002   12.7645334021368     
 NP          195         150   3.30000000000000        4.50000000000000     
  0.838173036338401       0.867052626061866        48.0222222222222     
   6.60550759074888        4.74398793075459       -2.65471364725889     
  0.210688769067745        13.1471365708544     
 NP          196         150   3.30000000000000        4.60000000000000     
  0.844995713839440       0.867052626061866        48.0222222222222     
   6.27078666548466        4.24056339143452       -2.70115672059465     
  0.438118379999497        13.5890910584133     
 NP          197         150   3.30000000000000        4.70000000000000     
  0.852329777432557       0.867052626061866        48.0222222222222     
   5.90314233475284        3.66489703162303       -2.75297845108570     
  0.793867747422362        14.0180067372992     
 NP          198         150   3.30000000000000        4.80000000000000     
  0.859654752900411       0.867052626061866        48.0222222222222     
   5.52764437249996        3.06025964941707       -2.82615477366471     
   1.17613851319709        14.4506557321545     
 NP          199         150   3.30000000000000        4.90000000000000     
  0.866720203679023       0.867052626061866        48.0222222222222     
   5.18805387835808        2.51874755341646       -2.87731467865687     
   1.55994872745164        14.8277119275950     
 NP          200         200   3.30000000000000        5.00000000000000     
  0.874453838947144       0.874453838947144        48.0222222222222     
   4.84847909801912        2.01785925050418       -2.95276014267208     
   1.89607937714903        15.2135858023173     
 NP          201         200   3.40000000000000       0.100000000000000     
  0.794421462975105       0.874453838947144        48.0222222222221     
   9.79957669969113       -3.74883406353045        1.17912224125935     
 -0.866981378158485        22.0734105121217     
 NP          202         200   3.40000000000000       0.200000000000000     
  0.794741957113712       0.874453838947144        48.0222222222222     
   9.61486669271487       -2.40308477280259        1.42413542857732     
  9.443723969241112E-002   20.1098475618835     
 NP          203         200   3.40000000000000       0.300000000000000     
  0.796887507323123       0.874453838947144        48.0222222222221     
   9.76312748197690      -0.542051874096672        1.40753019405732     
  0.235602315744150        18.2763781748244     
 NP          204         200   3.40000000000000       0.400000000000000     
  0.801070856805754       0.874453838947144        48.0222222222222     
   9.84111038206022       0.443281210571820        1.35635049967997     
  0.865953966198739        16.8692306278652     
 NP          205         200   3.40000000000000       0.500000000000000     
  0.802916833523110       0.874453838947144        48.0222222222222     
   9.95486552987115        1.45275113273052        1.38363668896566     
   1.14894047834907        15.7659455173380     
 NP          206         200   3.40000000000000       0.600000000000000     
  0.803648737096455       0.874453838947144        48.0222222222222     
   10.1395095074087        2.41887832577053        1.30662547409645     
   1.34277581073576        14.7187359783105     
 NP          207         200   3.40000000000000       0.700000000000000     
  0.806874240808859       0.874453838947144        48.0222222222223     
   10.2831352312901        3.03375747294220        1.28614280081692     
   1.51161245808494        14.0923013315769     
 NP          208         200   3.40000000000000       0.800000000000000     
  0.809230987869388       0.874453838947144        48.0222222222222     
   10.4248400933355        3.31645767175882        1.22295877450449     
   1.75254408964478        13.6672261098791     
 NP          209         200   3.40000000000000       0.900000000000000     
  0.812605718269688       0.874453838947144        48.0222222222222     
   10.5804225064133        3.55234854682755        1.14986363819599     
   1.84178125730498        13.4237625068456     
 NP          210         200   3.40000000000000        1.00000000000000     
  0.815379916376545       0.874453838947144        48.0222222222222     
   10.7025724249912        3.71745253411126        1.04954141769673     
   1.91952474388674        13.2274406310712     
 NP          211         200   3.40000000000000        1.10000000000000     
  0.818294104508749       0.874453838947144        48.0222222222222     
   10.8580344817013        3.82537124201068       0.940786407285794     
   1.88615722901585        13.1676595479405     
 NP          212         200   3.40000000000000        1.20000000000000     
  0.820151396313072       0.874453838947144        48.0222222222222     
   11.0060119721666        3.97744237571338       0.821606795417174     
   1.90508115298626        13.0086558938101     
 NP          213         200   3.40000000000000        1.30000000000000     
  0.821381298549699       0.874453838947144        48.0222222222222     
   11.1273406126982        4.15428981582777       0.612302925712057     
   1.81865912674398        12.8516641137412     
 NP          214         200   3.40000000000000        1.40000000000000     
  0.821560709866520       0.874453838947144        48.0222222222222     
   11.2366544454841        4.39584479273194       0.419035856990788     
   1.69748007621537        12.6578260772182     
 NP          215         200   3.40000000000000        1.50000000000000     
  0.820791933369640       0.874453838947144        48.0222222222222     
   11.3453951188315        4.69082251277405       0.202780845164028     
   1.53057974377843        12.4269507003145     
 NP          216         200   3.40000000000000        1.60000000000000     
  0.818862197143889       0.874453838947144        48.0222222222222     
   11.4202077972054        5.12351261026065      -2.612672608129517E-002
   1.35119253268473        12.0641757875008     
 NP          217         200   3.40000000000000        1.70000000000000     
  0.816836783007176       0.874453838947144        48.0222222222222     
   11.4810299189553        5.54697062174496      -0.269072245739598     
   1.09970613356337        11.7551801789942     
 NP          218         200   3.40000000000000        1.80000000000000     
  0.814658344973546       0.874453838947144        48.0222222222222     
   11.4795515616030        5.95852530578437      -0.516916101237389     
  0.880924545298015        11.4237024073892     
 NP          219         200   3.40000000000000        1.90000000000000     
  0.813014569555917       0.874453838947144        48.0222222222222     
   11.4757318102880        6.34204185042020      -0.720316434196322     
  0.677833440419274        11.1384109270145     
 NP          220         200   3.40000000000000        2.00000000000000     
  0.811917119547151       0.874453838947144        48.0222222222222     
   11.4025685469826        6.72614080216354      -0.918219840171040     
  0.449473172014685        10.8839001108811     
 NP          221         200   3.40000000000000        2.10000000000000     
  0.810909107513427       0.874453838947144        48.0222222222222     
   11.3226840900556        7.04667606885199       -1.10088463418050     
  0.237922787030033        10.6792735149199     
 NP          222         200   3.40000000000000        2.20000000000000     
  0.809691239163026       0.874453838947144        48.0222222222222     
   11.1962708517824        7.31734565259194       -1.25772823603682     
  7.684456464081506E-002   10.4835910887661     
 NP          223         200   3.40000000000000        2.30000000000000     
  0.808935825396824       0.874453838947144        48.0222222222222     
   11.0621718713919        7.58125916192403       -1.39121097437607     
 -9.361519426781593E-002   10.3249165851810     
 NP          224         200   3.40000000000000        2.40000000000000     
  0.808112692947166       0.874453838947144        48.0222222222222     
   10.9004129384958        7.76435505971396       -1.51744655971415     
 -0.231367179701195        10.2089974196622     
 NP          225         200   3.40000000000000        2.50000000000000     
  0.806423192174623       0.874453838947144        48.0222222222222     
   10.7210835781295        7.94325217160486       -1.62788923557897     
 -0.330072572220869        10.0567873016177     
 NP          226         200   3.40000000000000        2.60000000000000     
  0.805346082314891       0.874453838947144        48.0222222222222     
   10.5218332413175        8.09526487429032       -1.71363677342467     
 -0.420864591827663        9.94946942577574     
 NP          227         200   3.40000000000000        2.70000000000000     
  0.803873477044576       0.874453838947144        48.0222222222222     
   10.3370495407435        8.23964443798124       -1.80482906870598     
 -0.477799116719131        9.81534171860455     
 NP          228         200   3.40000000000000        2.80000000000000     
  0.803050283005194       0.874453838947144        48.0222222222222     
   10.1683074272399        8.29678539059925       -1.88289902661023     
 -0.506705887619953        9.75140985965560     
 NP          229         200   3.40000000000000        2.90000000000000     
  0.802051420952116       0.874453838947144        48.0222222222222     
   10.0029621702107        8.32844079272938       -1.94743501786110     
 -0.493883984469410        9.67967062871484     
 NP          230         200   3.40000000000000        3.00000000000000     
  0.801423098034264       0.874453838947144        48.0222222222222     
   9.84412021303268        8.34118150768299       -2.02408683620128     
 -0.492171836374523        9.63816085599920     
 NP          231         200   3.40000000000000        3.10000000000000     
  0.801156154540769       0.874453838947144        48.0222222222222     
   9.66734281915601        8.28613762151529       -2.08008477888792     
 -0.451097148501307        9.64049894515647     
 NP          232         200   3.40000000000000        3.20000000000000     
  0.801882254894021       0.874453838947144        48.0222222222222     
   9.48509818229289        8.11009585516534       -2.14979225928013     
 -0.382426442033231        9.73809262735618     
 NP          233         200   3.40000000000000        3.30000000000000     
  0.802674482189267       0.874453838947144        48.0222222222222     
   9.29445330355854        7.87898963601153       -2.20610740722074     
 -0.295656891111273        9.87484277455355     
 NP          234         200   3.40000000000000        3.40000000000000     
  0.804230208250471       0.874453838947144        48.0222222222222     
   9.09470166506886        7.64995625029122       -2.26548283978226     
 -0.248460981901097        10.0626005663178     
 NP          235         200   3.40000000000000        3.50000000000000     
  0.805699368253873       0.874453838947144        48.0222222222222     
   8.89263462082323        7.38540828401308       -2.33382633140764     
 -0.179856724786091        10.2599956128473     
 NP          236         200   3.40000000000000        3.60000000000000     
  0.807564519421290       0.874453838947144        48.0222222222222     
   8.67893235481474        7.14293279425035       -2.39872365117250     
 -0.174446796212503        10.5034568029434     
 NP          237         200   3.40000000000000        3.70000000000000     
  0.809394170892047       0.874453838947144        48.0222222222222     
   8.45504800772010        6.90890826303088       -2.45411599291352     
 -0.140728678215979        10.7272250753296     
 NP          238         200   3.40000000000000        3.80000000000000     
  0.811739507777290       0.874453838947144        48.0222222222222     
   8.23490981050337        6.64545347027770       -2.49473353534956     
 -0.112255584147149        10.9958957678480     
 NP          239         200   3.40000000000000        3.90000000000000     
  0.814590130731743       0.874453838947144        48.0222222222222     
   8.00896870955251        6.41805434079548       -2.52010229875431     
 -0.114441030408384        11.2793105278712     
 NP          240         200   3.40000000000000        4.00000000000000     
  0.818026020171289       0.874453838947144        48.0222222222222     
   7.76111294281947        6.14938773301595       -2.56277030671576     
 -0.114220293848923        11.6067099939897     
 NP          241         200   3.40000000000000        4.10000000000000     
  0.822080543824833       0.874453838947144        48.0222222222222     
   7.50842974659040        5.87977806633881       -2.58007610795377     
 -9.274547732379976E-002   11.9427892030069     
 NP          242         200   3.40000000000000        4.20000000000000     
  0.827260675731766       0.874453838947144        48.0222222222222     
   7.20815424435735        5.49414338162946       -2.60239469235269     
 -2.188814008319684E-002   12.3660520902695     
 NP          243         200   3.40000000000000        4.30000000000000     
  0.832323575453451       0.874453838947144        48.0222222222222     
   6.92232181334119        5.17039101457447       -2.61268115291557     
  8.008951837081617E-002   12.7175526869454     
 NP          244         200   3.40000000000000        4.40000000000000     
  0.838170577197957       0.874453838947144        48.0222222222222     
   6.61146190915258        4.75391559144101       -2.64519160640089     
  0.271903304912162        13.0910978196709     
 NP          245         200   3.40000000000000        4.50000000000000     
  0.844924389837840       0.874453838947144        48.0222222222222     
   6.26224067101136        4.22708060970095       -2.69351870666276     
  0.529175475115944        13.5263579174590     
 NP          246         200   3.40000000000000        4.60000000000000     
  0.852114195134388       0.874453838947144        48.0222222222222     
   5.90191276558922        3.65053772750639       -2.76482836295940     
  0.865975291839018        13.9498885731204     
 NP          247         200   3.40000000000000        4.70000000000000     
  0.859796958295964       0.874453838947144        48.0222222222223     
   5.54569819739352        3.05747658138438       -2.82462329211184     
   1.25544910441916        14.3622722600985     
 NP          248         200   3.40000000000000        4.80000000000000     
  0.867029752975676       0.874453838947144        48.0222222222222     
   5.19698786475635        2.46256985747284       -2.87259555894884     
   1.69729030760592        14.7357919394347     
 NP          249         249   3.40000000000000        4.90000000000000     
  0.874456840422050       0.874456840422050        48.0222222222222     
   4.84721337965728        1.90923437768169       -2.94707023791555     
   2.07443280478393        15.1226019381354     
 NP          250         250   3.40000000000000        5.00000000000000     
  0.881018650571790       0.881018650571790        48.0222222222222     
   4.59548738010994        1.48945062123361       -2.98042088744496     
   2.45515925791556        15.3718940814364     
 NP          251         250   3.50000000000000       0.100000000000000     
  0.795590573791142       0.881018650571790        48.0222222222223     
   9.45042278727568       -1.26240457363769        1.61488612863101     
   1.00965612176724        18.3518458499626     
 NP          252         250   3.50000000000000       0.200000000000000     
  0.796693972143984       0.881018650571790        48.0222222222222     
   9.77221584436880       0.718834325724977        1.38952965905186     
  0.821682783247404        16.5851895104755     
 NP          253         250   3.50000000000000       0.300000000000000     
  0.800802599073444       0.881018650571790        48.0222222222222     
   9.87898846523603        1.44345144865660        1.31869764960580     
   1.44390631401741        15.4142158160628     
 NP          254         250   3.50000000000000       0.400000000000000     
  0.802631416541931       0.881018650571790        48.0222222222222     
   9.98859722124562        2.22683310433683        1.35084923485873     
   1.71847908735201        14.5326030870968     
 NP          255         250   3.50000000000000       0.500000000000000     
  0.803242255252530       0.881018650571790        48.0222222222221     
   10.1509947498893        3.03625917719897        1.30482503460302     
   1.90191063423409        13.6576203282544     
 NP          256         250   3.50000000000000       0.600000000000000     
  0.806575095623768       0.881018650571790        48.0222222222222     
   10.2821313915226        3.49059753950113        1.29191293605020     
   1.98663739904948        13.2544476965777     
 NP          257         250   3.50000000000000       0.700000000000000     
  0.809654889418148       0.881018650571790        48.0222222222221     
   10.4433572726008        3.71062607842800        1.21942458541280     
   2.19247580834784        12.9220655500546     
 NP          258         250   3.50000000000000       0.800000000000000     
  0.812100808262833       0.881018650571790        48.0222222222222     
   10.5835934305039        3.87749369780333        1.13661530647162     
   2.27817562514391        12.7203643132415     
 NP          259         250   3.50000000000000       0.900000000000000     
  0.815166524545148       0.881018650571790        48.0222222222222     
   10.7291363442159        3.93952481295317        1.04184717725620     
   2.33880705159349        12.6361544860271     
 NP          260         250   3.50000000000000        1.00000000000000     
  0.817623668149290       0.881018650571790        48.0222222222222     
   10.8744616177777        4.02354556435399       0.930713039613747     
   2.29911876519707        12.5955058318022     
 NP          261         250   3.50000000000000        1.10000000000000     
  0.820026560444632       0.881018650571790        48.0222222222222     
   11.0153920420091        4.15457770594307       0.778066698304077     
   2.24794029489870        12.5052035090456     
 NP          262         250   3.50000000000000        1.20000000000000     
  0.820801733407944       0.881018650571790        48.0222222222222     
   11.1401232019254        4.33027580875613       0.590764414564176     
   2.13386963252643        12.3788284104276     
 NP          263         250   3.50000000000000        1.30000000000000     
  0.821549714486197       0.881018650571790        48.0222222222222     
   11.2376467088239        4.47463155400199       0.418413607360227     
   2.01955758555832        12.2858713957256     
 NP          264         250   3.50000000000000        1.40000000000000     
  0.820684176470567       0.881018650571790        48.0222222222222     
   11.3226380443523        4.76724500267086       0.199004527811377     
   1.87314457064028        12.0428112642691     
 NP          265         250   3.50000000000000        1.50000000000000     
  0.819157184813132       0.881018650571790        48.0222222222222     
   11.4165843477451        5.11632246250767      -9.344068126365184E-003
   1.69946639952194        11.7705748018465     
 NP          266         250   3.50000000000000        1.60000000000000     
  0.816756947916634       0.881018650571790        48.0222222222222     
   11.4553250624865        5.50814823996220      -0.238544602755601     
   1.47091071261765        11.4747944807247     
 NP          267         250   3.50000000000000        1.70000000000000     
  0.814464428114094       0.881018650571790        48.0222222222222     
   11.4591326008928        5.92258954900470      -0.473880005472813     
   1.23817145705073        11.1631026623904     
 NP          268         250   3.50000000000000        1.80000000000000     
  0.813311557881244       0.881018650571790        48.0222222222222     
   11.4442539273076        6.28739750424656      -0.680142388909948     
   1.02561477177696        10.9159660926470     
 NP          269         250   3.50000000000000        1.90000000000000     
  0.811695243708004       0.881018650571790        48.0222222222222     
   11.3767084814181        6.63624414411147      -0.855408885885944     
  0.821448110992222        10.6767686479451     
 NP          270         250   3.50000000000000        2.00000000000000     
  0.810724083628974       0.881018650571790        48.0222222222222     
   11.2832161225566        6.93014574410062       -1.04384178079369     
  0.622132644611951        10.4874779555676     
 NP          271         250   3.50000000000000        2.10000000000000     
  0.809554599341419       0.881018650571790        48.0222222222222     
   11.1521853519211        7.21864244730983       -1.18216595372688     
  0.440474327332022        10.3073418560771     
 NP          272         250   3.50000000000000        2.20000000000000     
  0.808912018378961       0.881018650571790        48.0222222222222     
   11.0155712384933        7.49696109854929       -1.31683041015213     
  0.262866115563471        10.1505335505208     
 NP          273         250   3.50000000000000        2.30000000000000     
  0.807451778239399       0.881018650571790        48.0222222222222     
   10.8567083605343        7.67583426472467       -1.43275093090065     
  0.140750731672552        10.0181996713293     
 NP          274         250   3.50000000000000        2.40000000000000     
  0.806409147972272       0.881018650571790        48.0222222222222     
   10.6634091499466        7.80804856386935       -1.54220133008836     
  4.676969586223103E-002   9.91698238703025     
 NP          275         250   3.50000000000000        2.50000000000000     
  0.805042064317785       0.881018650571790        48.0222222222222     
   10.4692522833326        7.94477816416540       -1.62251159848438     
 -1.157009684215283E-002   9.79368338204973     
 NP          276         250   3.50000000000000        2.60000000000000     
  0.803419954032225       0.881018650571790        48.0222222222222     
   10.2790222912006        8.08739874976265       -1.71200356597370     
 -5.882656925786094E-002   9.65193630053818     
 NP          277         250   3.50000000000000        2.70000000000000     
  0.802443398516135       0.881018650571790        48.0222222222222     
   10.1134804618682        8.14214892123607       -1.78208641411835     
 -8.076741647390205E-002   9.58410063042523     
 NP          278         250   3.50000000000000        2.80000000000000     
  0.801679261081056       0.881018650571790        48.0222222222222     
   9.95218768020015        8.16571306185751       -1.84712217617937     
 -7.422096947881208E-002   9.52851556666242     
 NP          279         250   3.50000000000000        2.90000000000000     
  0.801231141421651       0.881018650571790        48.0222222222222     
   9.77879620684467        8.14109687638155       -1.90664881021273     
 -2.397574428921202E-002   9.49053357577610     
 NP          280         250   3.50000000000000        3.00000000000000     
  0.800841603026443       0.881018650571790        48.0222222222222     
   9.61634566917418        8.08250152961821       -1.97001964019664     
  1.825129295762119E-002   9.48629500761929     
 NP          281         250   3.50000000000000        3.10000000000000     
  0.801424629537784       0.881018650571790        48.0222222222222     
   9.43370537086376        7.88503442681969       -2.03900985410553     
  0.102042658668649        9.58353972932626     
 NP          282         250   3.50000000000000        3.20000000000000     
  0.802610844815112       0.881018650571790        48.0222222222222     
   9.24289835285475        7.66242296290496       -2.09206764730115     
  0.174559229864007        9.73436026663523     
 NP          283         250   3.50000000000000        3.30000000000000     
  0.804028521436143       0.881018650571790        48.0222222222222     
   9.04675261099496        7.41989842986827       -2.15274225131102     
  0.233052803088903        9.91833482468755     
 NP          284         250   3.50000000000000        3.40000000000000     
  0.805650256049613       0.881018650571790        48.0222222222222     
   8.84521719044772        7.16286619994268       -2.20918156564102     
  0.289848754972833        10.1253666555294     
 NP          285         250   3.50000000000000        3.50000000000000     
  0.807428284203513       0.881018650571790        48.0222222222222     
   8.62434728996354        6.92090162679026       -2.27277627190192     
  0.311832088507100        10.3557808884794     
 NP          286         250   3.50000000000000        3.60000000000000     
  0.809635568436683       0.881018650571790        48.0222222222222     
   8.41220477520685        6.66396858793204       -2.34394262570893     
  0.327963077395192        10.6113172225624     
 NP          287         250   3.50000000000000        3.70000000000000     
  0.811821852108918       0.881018650571790        48.0222222222222     
   8.19341814751840        6.43119757474160       -2.37523597523633     
  0.350685579081427        10.8596539272314     
 NP          288         250   3.50000000000000        3.80000000000000     
  0.814424996724781       0.881018650571790        48.0222222222222     
   7.96422061700751        6.19439773557364       -2.42654287053693     
  0.321280008516270        11.1582536667910     
 NP          289         250   3.50000000000000        3.90000000000000     
  0.817996724154171       0.881018650571790        48.0222222222222     
   7.71721173664403        5.95263560290992       -2.46439316271348     
  0.291252953648909        11.4931068351117     
 NP          290         250   3.50000000000000        4.00000000000000     
  0.822213479803641       0.881018650571790        48.0222222222222     
   7.45951357036202        5.67823217778111       -2.48850425524373     
  0.302442917502612        11.8435316795779     
 NP          291         250   3.50000000000000        4.10000000000000     
  0.826446455546135       0.881018650571790        48.0222222222222     
   7.19348334869344        5.36252865730803       -2.51039036368207     
  0.357124515244490        12.1962901619247     
 NP          292         250   3.50000000000000        4.20000000000000     
  0.832184569016945       0.881018650571790        48.0222222222222     
   6.88850034687874        4.99064161242832       -2.52513880341108     
  0.466930048585303        12.5948306387649     
 NP          293         250   3.50000000000000        4.30000000000000     
  0.838082896397611       0.881018650571790        48.0222222222222     
   6.59261169687097        4.59025430581664       -2.56057900263077     
  0.613331174232954        12.9820161937431     
 NP          294         250   3.50000000000000        4.40000000000000     
  0.845158086331326       0.881018650571790        48.0222222222222     
   6.23833558870629        4.05388907913377       -2.61134528031670     
  0.862020144427298        13.4323841282842     
 NP          295         250   3.50000000000000        4.50000000000000     
  0.852426704662906       0.881018650571790        48.0222222222222     
   5.88086031223542        3.47742420092298       -2.67528507503165     
   1.21009137653513        13.8429202919428     
 NP          296         250   3.50000000000000        4.60000000000000     
  0.859764662258681       0.881018650571790        48.0222222222222     
   5.52534140477370        2.88109227065235       -2.75092119860674     
   1.56648719244435        14.2620183877353     
 NP          297         250   3.50000000000000        4.70000000000000     
  0.866702532645119       0.881018650571790        48.0222222222222     
   5.21582354052719        2.30837322773890       -2.83500731892549     
   1.97070691568713        14.6076127086156     
 NP          298         250   3.50000000000000        4.80000000000000     
  0.874278245260470       0.881018650571790        48.0222222222223     
   4.89389558422917        1.76009119427572       -2.87992512991244     
   2.41477116520780        14.9354721318155     
 NP          299         299   3.50000000000000        4.90000000000000     
  0.881152800326641       0.881152800326641        48.0222222222223     
   4.59380993160945        1.27029016475212       -2.93998788231745     
   2.79315704507077        15.2450730562880     
 NP          300         300   3.50000000000000        5.00000000000000     
  0.887834404419219       0.887834404419219        48.0222222222222     
   4.32905724432344       0.800313964154228       -2.96330508370389     
   3.19390340906155        15.5190230201327     
 
  End calculation
 
       Max-R2, r/Dr pair and coefficients
Max R2  0.8878  3.5  5.0          0.48022E+02       0.43291E+01       0.80031E+00      -0.29633E+01       0.31939E+01       0.15519E+02
 
  Systems fitted & Id of skipped system          18
 
  Input data
 
  Experimental data
  0.1520E+02  0.1740E+02  0.1900E+02  0.2110E+02  0.2370E+02  0.2450E+02  0.4000E+02  0.4640E+02
  0.5310E+02  0.5630E+02  0.5750E+02  0.6260E+02  0.6320E+02  0.6630E+02  0.7100E+02  0.7200E+02
  0.7400E+02  0.8110E+02
 
  Electronic  Descriptor            1
 -0.1507E+00 -0.1386E+00 -0.1244E+00 -0.3108E+00 -0.1296E+00 -0.1303E+00 -0.1453E+00 -0.1239E+00
 -0.1323E+00 -0.1389E+00 -0.1265E+00 -0.1157E+00 -0.1251E+00 -0.1152E+00 -0.1162E+00 -0.1148E+00
 -0.1143E+00 -0.1135E+00
 
  Electronic  Descriptor            2
 -0.6159E+00 -0.6331E+00 -0.6455E+00 -0.4574E+00 -0.4598E+00 -0.6351E+00 -0.4587E+00 -0.4669E+00
 -0.4838E+00 -0.5041E+00 -0.4677E+00 -0.4527E+00 -0.4748E+00 -0.4556E+00 -0.4639E+00 -0.4569E+00
 -0.4586E+00 -0.4615E+00
 
  Electronic  Descriptor            3
 -0.7362E+00 -0.7375E+00 -0.7239E+00 -0.7380E+00 -0.7378E+00 -0.7368E+00 -0.7329E+00 -0.7385E+00
 -0.7396E+00 -0.7469E+00 -0.7361E+00 -0.7394E+00 -0.7389E+00 -0.7365E+00 -0.7347E+00 -0.7376E+00
 -0.7385E+00 -0.7393E+00
 
  Steric Descriptor            1
  0.3144E+02  0.3175E+02  0.3143E+02  0.3281E+02  0.3312E+02  0.3151E+02  0.3298E+02  0.3322E+02
  0.3399E+02  0.3354E+02  0.3279E+02  0.3310E+02  0.3361E+02  0.3271E+02  0.3312E+02  0.3321E+02
  0.3350E+02  0.3336E+02
 
  Steric Descriptor            2
  0.7300E+01  0.6970E+01  0.8270E+01  0.7880E+01  0.7630E+01  0.6780E+01  0.9860E+01  0.9850E+01
  0.8320E+01  0.9770E+01  0.9670E+01  0.1012E+02  0.1097E+02  0.1086E+02  0.9840E+01  0.1073E+02
  0.1087E+02  0.1130E+02
 
 
  Normalized Experimental data
 15.2000 17.4000 19.0000 21.1000 23.7000 24.5000 40.0000 46.4000 53.1000 56.3000
 57.5000 62.6000 63.2000 66.3000 71.0000 72.0000 74.0000 81.1000
 
  Normalized electronic descriptor            1
 -0.3067 -0.0354  0.2807 -3.8806  0.1646  0.1508 -0.1850  0.2919  0.1057 -0.0421
  0.2343  0.4767  0.2655  0.4874  0.4640  0.4964  0.5075  0.5245
  Normalized electronic descriptor            2
 -1.5605 -1.7974 -1.9692  0.6286  0.5945 -1.8254  0.6106  0.4969  0.2630 -0.0172
  0.4863  0.6929  0.3881  0.6526  0.5379  0.6344  0.6120  0.5720
  Normalized electronic descriptor            3
  0.2238 -0.0753  3.0530 -0.1949 -0.1397  0.0765  0.9920 -0.3076 -0.5629 -2.2352
  0.2491 -0.5077 -0.3950  0.1479  0.5711 -0.1029 -0.2961 -0.4962
 
  Normalized steric descriptor            1
 -1.7811 -1.3878 -1.7938 -0.0430  0.3503 -1.6923  0.1727  0.4772  1.4541  0.8831
 -0.0684  0.3249  0.9720 -0.1699  0.3503  0.4645  0.8324  0.6548
  Normalized steric descriptor            2
 -1.3179 -1.5378 -0.6713 -0.9313 -1.0979 -1.6645  0.3884  0.3818 -0.6380  0.3284
  0.2618  0.5617  1.1283  1.0550  0.3751  0.9683  1.0616  1.3482
 
 
  Averages and Standard deviations
  Experimental data     0.0000    1.0000
  Elec. Descrip.   1   -0.1370    0.0448
  Elec. Descrip.   2   -0.5029    0.0724
  Elec. Descrip.   3   -0.7372    0.0043
  Steric Descrip.  1   32.8439    0.7882
  Steric Descrip.  2    9.2772    1.5003
  Fitted - Experim.    96.0444   99.1165
 
              Normalized  Data                  Input  Data           Grubbs 
     N    Experim.  Fitted     Error    Experim.  Fitted     Error     Test  
Fit      1    15.200    18.642     3.442    15.200    18.642     3.442    -0.035
Fit      2    17.400    18.356     0.956    17.400    18.356     0.956    -0.010
Fit      3    19.000    22.467     3.467    19.000    22.467     3.467    -0.035
Fit      4    21.100    17.713    -3.387    21.100    17.713    -3.387     0.034
Fit      5    23.700    33.705    10.005    23.700    33.705    10.005    -0.101
Fit      6    24.500    15.752    -8.748    24.500    15.752    -8.748     0.088
Fit      7    40.000    51.350    11.350    40.000    51.350    11.350    -0.115
Fit      8    46.400    58.044    11.644    46.400    58.044    11.644    -0.117
Fit      9    53.100    45.101    -7.999    53.100    45.101    -7.999     0.081
Fit     10    56.300    62.367     6.067    56.300    62.367     6.067    -0.061
Fit     11    57.500    52.532    -4.968    57.500    52.532    -4.968     0.050
Fit     12    62.600    61.900    -0.700    62.600    61.900    -0.700     0.007
Fit     13    63.200    71.267     8.067    63.200    71.267     8.067    -0.081
Fit     14    66.300    66.046    -0.254    66.300    66.046    -0.254     0.003
Fit     15    71.000    55.709   -15.291    71.000    55.709   -15.291     0.154
Fit     16    72.000    67.494    -4.506    72.000    67.494    -4.506     0.045
Fit     17    74.000    70.720    -3.280    74.000    70.720    -3.280     0.033
Fit     18    81.100    75.235    -5.865    81.100    75.235    -5.865     0.059
 
              Normalized  Data                  Input  Data
     N    Experim.  Fitted     Error    Experim.  Fitted     Error
  1   Carbamate        0.15200E+02    0.18642E+02    0.34421E+01    0.15200E+02    0.18642E+02    0.34421E+01  Fit
  2   CE01-2623        0.17400E+02    0.18356E+02    0.95562E+00    0.17400E+02    0.18356E+02    0.95562E+00  Fit
  3   CE02-2617        0.19000E+02    0.22467E+02    0.34667E+01    0.19000E+02    0.22467E+02    0.34667E+01  Fit
  4   CE03-2627s       0.21100E+02    0.17713E+02   -0.33865E+01    0.21100E+02    0.17713E+02   -0.33865E+01  Fit
  5   CE04-2647        0.23700E+02    0.33705E+02    0.10005E+02    0.23700E+02    0.33705E+02    0.10005E+02  Fit
  6   CE05-2621        0.24500E+02    0.15752E+02   -0.87485E+01    0.24500E+02    0.15752E+02   -0.87485E+01  Fit
  7   CE06-2614        0.40000E+02    0.51350E+02    0.11350E+02    0.40000E+02    0.51350E+02    0.11350E+02  Fit
  8   CE07-C6          0.46400E+02    0.58044E+02    0.11644E+02    0.46400E+02    0.58044E+02    0.11644E+02  Fit
  9   CE08-2651        0.53100E+02    0.45101E+02   -0.79989E+01    0.53100E+02    0.45101E+02   -0.79989E+01  Fit
 10   CE09-2615        0.56300E+02    0.62367E+02    0.60675E+01    0.56300E+02    0.62367E+02    0.60675E+01  Fit
 11   CE10-2642        0.57500E+02    0.52532E+02   -0.49681E+01    0.57500E+02    0.52532E+02   -0.49681E+01  Fit
 12   CE11-2625        0.62600E+02    0.61900E+02   -0.69979E+00    0.62600E+02    0.61900E+02   -0.69979E+00  Fit
 13   CE12-2633s       0.63200E+02    0.71267E+02    0.80668E+01    0.63200E+02    0.71267E+02    0.80668E+01  Fit
 14   CE13-2650        0.66300E+02    0.66046E+02   -0.25422E+00    0.66300E+02    0.66046E+02   -0.25422E+00  Fit
 15   CE14-2668s       0.71000E+02    0.55709E+02   -0.15291E+02    0.71000E+02    0.55709E+02   -0.15291E+02  Fit
 16   CE15-2634s       0.72000E+02    0.67494E+02   -0.45058E+01    0.72000E+02    0.67494E+02   -0.45058E+01  Fit
 17   CE16-10s         0.74000E+02    0.70720E+02   -0.32796E+01    0.74000E+02    0.70720E+02   -0.32796E+01  Fit
 18   CE17-11s         0.81100E+02    0.75235E+02   -0.58647E+01    0.81100E+02    0.75235E+02   -0.58647E+01  Fit
   Normal termination
